Reading OpenROAD database at '/home/nguyenviet/Downloads/des/runs/RUN_2024-07-07_22-25-24/23-openroad-ioplacement/des_core.odb'…
Reading library file at '/home/nguyenviet/.volare/volare/sky130/versions/bdc9412b3e468c102d01b7cf6337be06ec6e9c9a/sky130A/libs.ref/sky130_fd_sc_hd/lib/sky130_fd_sc_hd__ss_100C_1v60.lib'…
Reading design constraints file at '/nix/store/ch7vazi31cqikw3wq64qm4qh62m2dsrc-python3-3.11.6-env/lib/python3.11/site-packages/openlane/scripts/base.sdc'…
[INFO] Using clock clk…
[INFO] Setting output delay to: 5
[INFO] Setting input delay to: 5
[INFO] Setting load to: 0.033442
[INFO] Setting clock uncertainty to: 0.25
[INFO] Setting clock transition to: 0.1499999999999999944488848768742172978818416595458984375
[INFO] Setting timing derate to: 5%
[INFO] Setting RC values…
[INFO] Setting signal min routing layer to: met1 and clock min routing layer to met1. 
[INFO] Setting signal max routing layer to: met5 and clock max routing layer to met5. 
{*}-density 0.1279317 -timing_driven -routability_driven -pad_right 0 -pad_left 0 -init_wirelength_coef 0.05
[INFO GPL-0002] DBU: 1000
[INFO GPL-0003] SiteSize: 460 2720
[INFO GPL-0004] CoreAreaLxLy: 5520 10880
[INFO GPL-0005] CoreAreaUxUy: 1194160 1188640
[INFO GPL-0006] NumInstances: 22108
[INFO GPL-0007] NumPlaceInstances: 1232
[INFO GPL-0008] NumFixedInstances: 20876
[INFO GPL-0009] NumDummyInstances: 0
[INFO GPL-0010] NumNets: 1364
[INFO GPL-0011] NumPins: 4917
[INFO GPL-0012] DieAreaLxLy: 0 0
[INFO GPL-0013] DieAreaUxUy: 1200000 1200000
[INFO GPL-0014] CoreAreaLxLy: 5520 10880
[INFO GPL-0015] CoreAreaUxUy: 1194160 1188640
[INFO GPL-0016] CoreArea: 1399932646400
[INFO GPL-0017] NonPlaceInstsArea: 28287129600
[INFO GPL-0018] PlaceInstsArea: 14065990400
[INFO GPL-0019] Util(%): 1.03
[INFO GPL-0020] StdInstsArea: 14065990400
[INFO GPL-0021] MacroInstsArea: 0
[InitialPlace]  Iter: 1 CG residual: 0.00000009 HPWL: 154984247
[InitialPlace]  Iter: 2 CG residual: 0.00000114 HPWL: 138069919
[InitialPlace]  Iter: 3 CG residual: 0.00000017 HPWL: 137412387
[InitialPlace]  Iter: 4 CG residual: 0.00001828 HPWL: 136301209
[InitialPlace]  Iter: 5 CG residual: 0.00000339 HPWL: 134727404
[INFO GPL-0031] FillerInit: NumGCells: 15709
[INFO GPL-0032] FillerInit: NumGNets: 1364
[INFO GPL-0033] FillerInit: NumGPins: 4917
[INFO GPL-0023] TargetDensity: 0.13
[INFO GPL-0024] AveragePlaceInstArea: 11417200
[INFO GPL-0025] IdealBinArea: 89244496
[INFO GPL-0026] IdealBinCnt: 15686
[INFO GPL-0027] TotalBinArea: 1399932646400
[INFO GPL-0028] BinCnt: 64 64
[INFO GPL-0029] BinSize: 18573 18403
[INFO GPL-0030] NumBins: 4096
[NesterovSolve] Iter: 1 overflow: 0.712299 HPWL: 136592617
[INFO GPL-0100] worst slack 1.35e-08
[INFO GPL-0103] Weighted 136 nets.
[INFO GPL-0100] worst slack 1.35e-08
[INFO GPL-0103] Weighted 135 nets.
[NesterovSolve] Snapshot saved at iter = 1
[INFO GPL-0100] worst slack 1.33e-08
[INFO GPL-0103] Weighted 136 nets.
[INFO GPL-0100] worst slack 1.29e-08
[INFO GPL-0103] Weighted 136 nets.
[NesterovSolve] Iter: 10 overflow: 0.239952 HPWL: 147278656
[NesterovSolve] Iter: 20 overflow: 0.254653 HPWL: 137814509
[NesterovSolve] Iter: 30 overflow: 0.235506 HPWL: 139153488
[NesterovSolve] Iter: 40 overflow: 0.232221 HPWL: 139180415
[NesterovSolve] Iter: 50 overflow: 0.234576 HPWL: 139326173
[NesterovSolve] Iter: 60 overflow: 0.237672 HPWL: 139263977
[NesterovSolve] Iter: 70 overflow: 0.247015 HPWL: 139174634
[NesterovSolve] Iter: 80 overflow: 0.245249 HPWL: 139701478
[NesterovSolve] Iter: 90 overflow: 0.246272 HPWL: 139423002
[NesterovSolve] Iter: 100 overflow: 0.242974 HPWL: 139396412
[NesterovSolve] Iter: 110 overflow: 0.238697 HPWL: 139723658
[NesterovSolve] Iter: 120 overflow: 0.2385 HPWL: 139397660
[NesterovSolve] Iter: 130 overflow: 0.240427 HPWL: 139063703
[NesterovSolve] Iter: 140 overflow: 0.239997 HPWL: 139230325
[NesterovSolve] Iter: 150 overflow: 0.237316 HPWL: 139001129
[NesterovSolve] Iter: 160 overflow: 0.241744 HPWL: 139301476
[NesterovSolve] Iter: 170 overflow: 0.242041 HPWL: 139568304
[NesterovSolve] Iter: 180 overflow: 0.240789 HPWL: 139495657
[NesterovSolve] Iter: 190 overflow: 0.240336 HPWL: 139496758
[NesterovSolve] Iter: 200 overflow: 0.240488 HPWL: 139346736
[NesterovSolve] Iter: 210 overflow: 0.239611 HPWL: 139271575
[NesterovSolve] Iter: 220 overflow: 0.238925 HPWL: 139161850
[NesterovSolve] Iter: 230 overflow: 0.238588 HPWL: 139126272
[NesterovSolve] Iter: 240 overflow: 0.23795 HPWL: 139122433
[NesterovSolve] Iter: 250 overflow: 0.238406 HPWL: 139078544
[NesterovSolve] Iter: 260 overflow: 0.239113 HPWL: 139137086
[NesterovSolve] Iter: 270 overflow: 0.240108 HPWL: 139266237
[NesterovSolve] Iter: 280 overflow: 0.239889 HPWL: 139404765
[NesterovSolve] Iter: 290 overflow: 0.238184 HPWL: 139313326
[NesterovSolve] Iter: 300 overflow: 0.235552 HPWL: 139177871
[NesterovSolve] Iter: 310 overflow: 0.232007 HPWL: 138718983
[NesterovSolve] Iter: 320 overflow: 0.22892 HPWL: 138388571
[NesterovSolve] Iter: 330 overflow: 0.222524 HPWL: 137896873
[NesterovSolve] Iter: 340 overflow: 0.217127 HPWL: 136940713
[NesterovSolve] Iter: 350 overflow: 0.214424 HPWL: 136881557
[NesterovSolve] Iter: 360 overflow: 0.206835 HPWL: 136373289
[INFO GPL-0100] worst slack 1.34e-08
[INFO GPL-0103] Weighted 135 nets.
[INFO GPL-0075] Routability numCall: 1 inflationIterCnt: 1 bloatIterCnt: 0
[INFO GPL-0036] TileLxLy: 0 0
[INFO GPL-0037] TileSize: 6900 6900
[INFO GPL-0038] TileCnt: 173 173
[INFO GPL-0039] numRoutingLayers: 6
[INFO GPL-0040] NumTiles: 29929
[INFO GPL-0063] TotalRouteOverflowH2: 0.7000000476837158
[INFO GPL-0064] TotalRouteOverflowV2: 0
[INFO GPL-0065] OverflowTileCnt2: 3
[INFO GPL-0066] 0.5%RC: 0.8480812682524222
[INFO GPL-0067] 1.0%RC: 0.7751692966063997
[INFO GPL-0068] 2.0%RC: 0.7039525637109693
[INFO GPL-0069] 5.0%RC: 0.6269196111577636
[INFO GPL-0070] 0.5rcK: 1
[INFO GPL-0071] 1.0rcK: 1
[INFO GPL-0072] 2.0rcK: 0
[INFO GPL-0073] 5.0rcK: 0
[INFO GPL-0074] FinalRC: 0.8116253
[NesterovSolve] Iter: 370 overflow: 0.190833 HPWL: 136158075
[NesterovSolve] Iter: 380 overflow: 0.175741 HPWL: 135771744
[NesterovSolve] Iter: 390 overflow: 0.164005 HPWL: 134644384
[NesterovSolve] Iter: 400 overflow: 0.146448 HPWL: 134000838
[INFO GPL-0100] worst slack 1.28e-08
[INFO GPL-0103] Weighted 136 nets.
[NesterovSolve] Iter: 410 overflow: 0.130939 HPWL: 132586138
[NesterovSolve] Iter: 420 overflow: 0.115051 HPWL: 132074201
[NesterovSolve] Finished with Overflow: 0.099379
[INFO] Setting RC values…
Setting global connections for newly added cells…
[INFO] Setting global connections...
Writing OpenROAD database to '/home/nguyenviet/Downloads/des/runs/RUN_2024-07-07_22-25-24/26-openroad-globalplacement/des_core.odb'…
Writing netlist to '/home/nguyenviet/Downloads/des/runs/RUN_2024-07-07_22-25-24/26-openroad-globalplacement/des_core.nl.v'…
Writing powered netlist to '/home/nguyenviet/Downloads/des/runs/RUN_2024-07-07_22-25-24/26-openroad-globalplacement/des_core.pnl.v'…
Writing layout to '/home/nguyenviet/Downloads/des/runs/RUN_2024-07-07_22-25-24/26-openroad-globalplacement/des_core.def'…
Writing timing constraints to '/home/nguyenviet/Downloads/des/runs/RUN_2024-07-07_22-25-24/26-openroad-globalplacement/des_core.sdc'…
