
===========================================================================
report_checks -unconstrained
===========================================================================
======================= min_ff_n40C_1v95 Corner ===================================

Startpoint: rst_n (input port clocked by clk)
Endpoint: _2241_ (recovery check against rising-edge clock clk)
Path Group: asynchronous
Path Type: max

Fanout         Cap        Slew       Delay        Time   Description
---------------------------------------------------------------------------------------------
                                  0.000000    0.000000   clock clk (rise edge)
                                  0.000000    0.000000   clock network delay (propagated)
                                  5.000000    5.000000 ^ input external delay
     2    0.005975    0.024956    0.015314    5.015315 ^ rst_n (in)
                                                         rst_n (net)
                      0.024956    0.000000    5.015315 ^ input123/A (sky130_fd_sc_hd__clkbuf_8)
    19    0.100738    0.135722    0.143844    5.159159 ^ input123/X (sky130_fd_sc_hd__clkbuf_8)
                                                         net123 (net)
                      0.145200    0.027599    5.186758 ^ _2241_/RESET_B (sky130_fd_sc_hd__dfrtp_4)
                                              5.186758   data arrival time

                                 25.000000   25.000000   clock clk (rise edge)
                                  0.000000   25.000000   clock source latency
     2    0.093139    0.314796    0.219860   25.219858 ^ clk (in)
                                                         clk (net)
                      0.314893    0.000000   25.219858 ^ clkbuf_0_clk/A (sky130_fd_sc_hd__clkbuf_16)
     9    0.096026    0.089762    0.173927   25.393785 ^ clkbuf_0_clk/X (sky130_fd_sc_hd__clkbuf_16)
                                                         clknet_0_clk (net)
                      0.090545    0.006626   25.400412 ^ clkbuf_2_0_0_clk/A (sky130_fd_sc_hd__clkbuf_8)
     5    0.051480    0.076060    0.129784   25.530195 ^ clkbuf_2_0_0_clk/X (sky130_fd_sc_hd__clkbuf_8)
                                                         clknet_2_0_0_clk (net)
                      0.076370    0.003912   25.534107 ^ clkbuf_3_0_0_clk/A (sky130_fd_sc_hd__clkbuf_8)
     5    0.050650    0.074338    0.128047   25.662153 ^ clkbuf_3_0_0_clk/X (sky130_fd_sc_hd__clkbuf_8)
                                                         clknet_3_0_0_clk (net)
                      0.074463    0.002027   25.664181 ^ clkbuf_4_0__f_clk/A (sky130_fd_sc_hd__clkbuf_16)
    11    0.060109    0.059806    0.119206   25.783386 ^ clkbuf_4_0__f_clk/X (sky130_fd_sc_hd__clkbuf_16)
                                                         clknet_4_0__leaf_clk (net)
                      0.059974    0.002460   25.785847 ^ _2241_/CLK (sky130_fd_sc_hd__dfrtp_4)
                                 -0.250000   25.535849   clock uncertainty
                                  0.000000   25.535849   clock reconvergence pessimism
                                  0.099686   25.635534   library recovery time
                                             25.635534   data required time
---------------------------------------------------------------------------------------------
                                             25.635534   data required time
                                             -5.186758   data arrival time
---------------------------------------------------------------------------------------------
                                             20.448776   slack (MET)


Startpoint: _2240_ (rising edge-triggered flip-flop clocked by clk)
Endpoint: desc_ready (output port clocked by clk)
Path Group: clk
Path Type: max

Fanout         Cap        Slew       Delay        Time   Description
---------------------------------------------------------------------------------------------
                                  0.000000    0.000000   clock clk (rise edge)
                                  0.000000    0.000000   clock source latency
     2    0.093139    0.314796    0.219860    0.219860 ^ clk (in)
                                                         clk (net)
                      0.314893    0.000000    0.219860 ^ clkbuf_0_clk/A (sky130_fd_sc_hd__clkbuf_16)
     9    0.096026    0.089762    0.173926    0.393786 ^ clkbuf_0_clk/X (sky130_fd_sc_hd__clkbuf_16)
                                                         clknet_0_clk (net)
                      0.090545    0.006625    0.400411 ^ clkbuf_2_0_0_clk/A (sky130_fd_sc_hd__clkbuf_8)
     5    0.051480    0.076060    0.129784    0.530195 ^ clkbuf_2_0_0_clk/X (sky130_fd_sc_hd__clkbuf_8)
                                                         clknet_2_0_0_clk (net)
                      0.076370    0.003912    0.534108 ^ clkbuf_3_0_0_clk/A (sky130_fd_sc_hd__clkbuf_8)
     5    0.050650    0.074338    0.128046    0.662154 ^ clkbuf_3_0_0_clk/X (sky130_fd_sc_hd__clkbuf_8)
                                                         clknet_3_0_0_clk (net)
                      0.074463    0.002027    0.664181 ^ clkbuf_4_0__f_clk/A (sky130_fd_sc_hd__clkbuf_16)
    11    0.060109    0.059806    0.119206    0.783388 ^ clkbuf_4_0__f_clk/X (sky130_fd_sc_hd__clkbuf_16)
                                                         clknet_4_0__leaf_clk (net)
                      0.060055    0.003001    0.786388 ^ _2240_/CLK (sky130_fd_sc_hd__dfrtp_4)
     6    0.053431    0.089773    0.358931    1.145319 v _2240_/Q (sky130_fd_sc_hd__dfrtp_4)
                                                         encipher_process (net)
                      0.089776    0.000631    1.145950 v _1113_/B (sky130_fd_sc_hd__nor2_4)
     3    0.042114    0.198372    0.182364    1.328314 ^ _1113_/Y (sky130_fd_sc_hd__nor2_4)
                                                         net124 (net)
                      0.198790    0.007322    1.335636 ^ output124/A (sky130_fd_sc_hd__buf_2)
     1    0.034392    0.128896    0.168231    1.503866 ^ output124/X (sky130_fd_sc_hd__buf_2)
                                                         desc_ready (net)
                      0.128896    0.000358    1.504224 ^ desc_ready (out)
                                              1.504224   data arrival time

                                 25.000000   25.000000   clock clk (rise edge)
                                  0.000000   25.000000   clock network delay (propagated)
                                 -0.250000   24.750000   clock uncertainty
                                  0.000000   24.750000   clock reconvergence pessimism
                                 -5.000000   19.750000   output external delay
                                             19.750000   data required time
---------------------------------------------------------------------------------------------
                                             19.750000   data required time
                                             -1.504224   data arrival time
---------------------------------------------------------------------------------------------
                                             18.245775   slack (MET)




===========================================================================
report_checks --slack_max -0.01
============================================================================
======================= min_ff_n40C_1v95 Corner ===================================

No paths found.


===========================================================================
 report_check_types -max_slew -max_cap -max_fanout -violators
============================================================================
======================= min_ff_n40C_1v95 Corner ===================================

max fanout

Pin                                   Limit Fanout  Slack
---------------------------------------------------------
clkbuf_4_4__f_clk/X                      10     29    -19 (VIOLATED)
clkbuf_4_10__f_clk/X                     10     23    -13 (VIOLATED)
_1455_/X                                 10     21    -11 (VIOLATED)
fanout265/X                              10     21    -11 (VIOLATED)
fanout271/X                              10     21    -11 (VIOLATED)
fanout278/X                              10     21    -11 (VIOLATED)
fanout279/X                              10     21    -11 (VIOLATED)
fanout286/X                              10     21    -11 (VIOLATED)
clkbuf_4_13__f_clk/X                     10     19     -9 (VIOLATED)
clkbuf_4_6__f_clk/X                      10     19     -9 (VIOLATED)
fanout253/X                              10     19     -9 (VIOLATED)
input123/X                               10     19     -9 (VIOLATED)
clkbuf_4_9__f_clk/X                      10     17     -7 (VIOLATED)
max_length256/X                          10     17     -7 (VIOLATED)
_1117_/X                                 10     15     -5 (VIOLATED)
_1887_/X                                 10     15     -5 (VIOLATED)
clkbuf_4_7__f_clk/X                      10     15     -5 (VIOLATED)
fanout231/X                              10     15     -5 (VIOLATED)
input60/X                                10     15     -5 (VIOLATED)
input77/X                                10     15     -5 (VIOLATED)
max_length263/X                          10     15     -5 (VIOLATED)
_2253_/Q                                 10     13     -3 (VIOLATED)
_2268_/Q                                 10     13     -3 (VIOLATED)
clkbuf_4_12__f_clk/X                     10     13     -3 (VIOLATED)
clkbuf_4_15__f_clk/X                     10     13     -3 (VIOLATED)
clkbuf_4_1__f_clk/X                      10     13     -3 (VIOLATED)
clkbuf_4_3__f_clk/X                      10     13     -3 (VIOLATED)
fanout219/X                              10     13     -3 (VIOLATED)
fanout262/X                              10     13     -3 (VIOLATED)
fanout274/X                              10     13     -3 (VIOLATED)
fanout275/X                              10     13     -3 (VIOLATED)
fanout287/X                              10     13     -3 (VIOLATED)
_1146_/X                                 10     11        (VIOLATED)
_1194_/X                                 10     11        (VIOLATED)
_1355_/X                                 10     11        (VIOLATED)
_1356_/X                                 10     11        (VIOLATED)
_1879_/Y                                 10     11        (VIOLATED)
clkbuf_4_0__f_clk/X                      10     11        (VIOLATED)
clkbuf_4_11__f_clk/X                     10     11        (VIOLATED)
fanout254/X                              10     11        (VIOLATED)
fanout257/X                              10     11        (VIOLATED)
fanout266/X                              10     11        (VIOLATED)
fanout277/X                              10     11        (VIOLATED)
fanout283/X                              10     11        (VIOLATED)
input80/X                                10     11        (VIOLATED)
input84/X                                10     11        (VIOLATED)
max_length259/X                          10     11        (VIOLATED)
max_length264/X                          10     11        (VIOLATED)
max_length268/X                          10     11        (VIOLATED)



===========================================================================
report_parasitic_annotation -report_unannotated
============================================================================
Found 8 unannotated drivers.
 des_key_in[0]
 des_key_in[16]
 des_key_in[24]
 des_key_in[32]
 des_key_in[40]
 des_key_in[48]
 des_key_in[56]
 des_key_in[8]
Found 0 partially unannotated drivers.

===========================================================================
max slew violation count 0
max fanout violation count 49
max cap violation count 0
============================================================================

===========================================================================
check_setup -verbose -unconstrained_endpoints -multiple_clock -no_clock -no_input_delay -loops -generated_clocks
===========================================================================
