Reading library file at '/home/nguyenviet/.volare/volare/sky130/versions/bdc9412b3e468c102d01b7cf6337be06ec6e9c9a/sky130A/libs.ref/sky130_fd_sc_hd/lib/sky130_fd_sc_hd__ss_100C_1v60.lib'…
Reading technology LEF file at '/home/nguyenviet/.volare/volare/sky130/versions/bdc9412b3e468c102d01b7cf6337be06ec6e9c9a/sky130A/libs.ref/sky130_fd_sc_hd/techlef/sky130_fd_sc_hd__max.tlef'…
[INFO ODB-0227] LEF file: /home/nguyenviet/.volare/volare/sky130/versions/bdc9412b3e468c102d01b7cf6337be06ec6e9c9a/sky130A/libs.ref/sky130_fd_sc_hd/techlef/sky130_fd_sc_hd__max.tlef, created 13 layers, 25 vias
Reading cell LEF file at '/home/nguyenviet/.volare/volare/sky130/versions/bdc9412b3e468c102d01b7cf6337be06ec6e9c9a/sky130A/libs.ref/sky130_fd_sc_hd/lef/sky130_fd_sc_hd.lef'…
[WARNING ODB-0220] WARNING (LEFPARS-2008): NOWIREEXTENSIONATPIN statement is obsolete in version 5.6 or later.
The NOWIREEXTENSIONATPIN statement will be ignored. See file /home/nguyenviet/.volare/volare/sky130/versions/bdc9412b3e468c102d01b7cf6337be06ec6e9c9a/sky130A/libs.ref/sky130_fd_sc_hd/lef/sky130_fd_sc_hd.lef at line 2.

[INFO ODB-0227] LEF file: /home/nguyenviet/.volare/volare/sky130/versions/bdc9412b3e468c102d01b7cf6337be06ec6e9c9a/sky130A/libs.ref/sky130_fd_sc_hd/lef/sky130_fd_sc_hd.lef, created 437 library cells
Reading cell LEF file at '/home/nguyenviet/.volare/volare/sky130/versions/bdc9412b3e468c102d01b7cf6337be06ec6e9c9a/sky130A/libs.ref/sky130_fd_sc_hd/lef/sky130_ef_sc_hd.lef'…
[WARNING ODB-0220] WARNING (LEFPARS-2008): NOWIREEXTENSIONATPIN statement is obsolete in version 5.6 or later.
The NOWIREEXTENSIONATPIN statement will be ignored. See file /home/nguyenviet/.volare/volare/sky130/versions/bdc9412b3e468c102d01b7cf6337be06ec6e9c9a/sky130A/libs.ref/sky130_fd_sc_hd/lef/sky130_ef_sc_hd.lef at line 2.

[INFO ODB-0227] LEF file: /home/nguyenviet/.volare/volare/sky130/versions/bdc9412b3e468c102d01b7cf6337be06ec6e9c9a/sky130A/libs.ref/sky130_fd_sc_hd/lef/sky130_ef_sc_hd.lef, created 4 library cells
Reading top-level netlist at '/home/nguyenviet/Downloads/des/runs/RUN_2024-07-07_22-25-24/06-yosys-synthesis/des_core.nl.v'…
Linking design 'des_core' from netlist…
Reading design constraints file at '/nix/store/ch7vazi31cqikw3wq64qm4qh62m2dsrc-python3-3.11.6-env/lib/python3.11/site-packages/openlane/scripts/base.sdc'…
[INFO] Using clock clk…
[INFO] Setting output delay to: 5
[INFO] Setting input delay to: 5
[INFO] Setting load to: 0.033442
[INFO] Setting clock uncertainty to: 0.25
[INFO] Setting clock transition to: 0.1499999999999999944488848768742172978818416595458984375
[INFO] Setting timing derate to: 5%
Using site height: 2.72 and site width: 0.46…
[INFO] Using absolute sizing for the floorplan.
[INFO IFP-0001] Added 433 rows of 2584 site unithd.
[INFO IFP-0030] Inserted 0 tiecells using sky130_fd_sc_hd__conb_1/LO.
[INFO IFP-0030] Inserted 0 tiecells using sky130_fd_sc_hd__conb_1/HI.
[INFO] Extracting DIE_AREA and CORE_AREA from the floorplan
[INFO] Floorplanned on a die area of 0.0 0.0 1200.0 1200.0 (µm).
[INFO] Floorplanned on a core area of 5.52 10.88 1194.16 1188.64 (µm).
Writing metric design__die__bbox: 0.0 0.0 1200.0 1200.0
Writing metric design__core__bbox: 5.52 10.88 1194.16 1188.64
Setting global connections for newly added cells…
[INFO] Setting global connections...
Writing OpenROAD database to '/home/nguyenviet/Downloads/des/runs/RUN_2024-07-07_22-25-24/12-openroad-floorplan/des_core.odb'…
Writing netlist to '/home/nguyenviet/Downloads/des/runs/RUN_2024-07-07_22-25-24/12-openroad-floorplan/des_core.nl.v'…
Writing powered netlist to '/home/nguyenviet/Downloads/des/runs/RUN_2024-07-07_22-25-24/12-openroad-floorplan/des_core.pnl.v'…
Writing layout to '/home/nguyenviet/Downloads/des/runs/RUN_2024-07-07_22-25-24/12-openroad-floorplan/des_core.def'…
Writing timing constraints to '/home/nguyenviet/Downloads/des/runs/RUN_2024-07-07_22-25-24/12-openroad-floorplan/des_core.sdc'…
