Reading OpenROAD database at '/home/nguyenviet/Downloads/des/runs/RUN_2024-07-07_22-25-24/30-openroad-repairdesignpostgpl/des_core.odb'…
Reading library file at '/home/nguyenviet/.volare/volare/sky130/versions/bdc9412b3e468c102d01b7cf6337be06ec6e9c9a/sky130A/libs.ref/sky130_fd_sc_hd/lib/sky130_fd_sc_hd__ss_100C_1v60.lib'…
Reading design constraints file at '/nix/store/ch7vazi31cqikw3wq64qm4qh62m2dsrc-python3-3.11.6-env/lib/python3.11/site-packages/openlane/scripts/base.sdc'…
[INFO] Using clock clk…
[INFO] Setting output delay to: 5
[INFO] Setting input delay to: 5
[INFO] Setting load to: 0.033442
[INFO] Setting clock uncertainty to: 0.25
[INFO] Setting clock transition to: 0.1499999999999999944488848768742172978818416595458984375
[INFO] Setting timing derate to: 5%
Placement Analysis
---------------------------------
total displacement          0.0 u
average displacement        0.0 u
max displacement            0.0 u
original HPWL          146252.4 u
legalized HPWL         148067.1 u
delta HPWL                    1 %

[INFO DPL-0020] Mirrored 702 instances
[INFO DPL-0021] HPWL before          148067.1 u
[INFO DPL-0022] HPWL after           146252.4 u
[INFO DPL-0023] HPWL delta               -1.2 %
Setting global connections for newly added cells…
[INFO] Setting global connections...
Writing OpenROAD database to '/home/nguyenviet/Downloads/des/runs/RUN_2024-07-07_22-25-24/31-openroad-detailedplacement/des_core.odb'…
Writing netlist to '/home/nguyenviet/Downloads/des/runs/RUN_2024-07-07_22-25-24/31-openroad-detailedplacement/des_core.nl.v'…
Writing powered netlist to '/home/nguyenviet/Downloads/des/runs/RUN_2024-07-07_22-25-24/31-openroad-detailedplacement/des_core.pnl.v'…
Writing layout to '/home/nguyenviet/Downloads/des/runs/RUN_2024-07-07_22-25-24/31-openroad-detailedplacement/des_core.def'…
Writing timing constraints to '/home/nguyenviet/Downloads/des/runs/RUN_2024-07-07_22-25-24/31-openroad-detailedplacement/des_core.sdc'…
