Reading OpenROAD database at '/home/nguyenviet/Downloads/des/runs/RUN_2024-07-07_22-25-24/40-odb-heuristicdiodeinsertion/3-openroad-globalrouting/des_core.odb'…
Reading library file at '/home/nguyenviet/.volare/volare/sky130/versions/bdc9412b3e468c102d01b7cf6337be06ec6e9c9a/sky130A/libs.ref/sky130_fd_sc_hd/lib/sky130_fd_sc_hd__ss_100C_1v60.lib'…
Reading design constraints file at '/nix/store/ch7vazi31cqikw3wq64qm4qh62m2dsrc-python3-3.11.6-env/lib/python3.11/site-packages/openlane/scripts/base.sdc'…
[INFO] Using clock clk…
[INFO] Setting output delay to: 5
[INFO] Setting input delay to: 5
[INFO] Setting load to: 0.033442
[INFO] Setting clock uncertainty to: 0.25
[INFO] Setting clock transition to: 0.1499999999999999944488848768742172978818416595458984375
[INFO] Setting timing derate to: 5%
[INFO] Setting signal min routing layer to: met1 and clock min routing layer to met1. 
[INFO] Setting signal max routing layer to: met5 and clock max routing layer to met5. 
-congestion_iterations 50 -verbose
[INFO GRT-0020] Min routing layer: met1
[INFO GRT-0021] Max routing layer: met5
[INFO GRT-0022] Global adjustment: 30%
[INFO GRT-0023] Grid origin: (0, 0)
[INFO GRT-0043] No OR_DEFAULT vias defined.
[INFO GRT-0088] Layer li1     Track-Pitch = 0.4600  line-2-Via Pitch: 0.3400
[INFO GRT-0088] Layer met1    Track-Pitch = 0.3400  line-2-Via Pitch: 0.3400
[INFO GRT-0088] Layer met2    Track-Pitch = 0.4600  line-2-Via Pitch: 0.3500
[INFO GRT-0088] Layer met3    Track-Pitch = 0.6800  line-2-Via Pitch: 0.6150
[INFO GRT-0088] Layer met4    Track-Pitch = 0.9200  line-2-Via Pitch: 1.0400
[INFO GRT-0088] Layer met5    Track-Pitch = 3.4000  line-2-Via Pitch: 3.1100
[INFO GRT-0019] Found 30 clock nets.
[INFO GRT-0001] Minimum degree: 2
[INFO GRT-0002] Maximum degree: 30
[INFO GRT-0003] Macros: 0
[INFO GRT-0043] No OR_DEFAULT vias defined.
[INFO GRT-0004] Blockages: 2126

[INFO GRT-0053] Routing resources analysis:
          Routing      Original      Derated      Resource
Layer     Direction    Resources     Resources    Reduction (%)
---------------------------------------------------------------
li1        Vertical            0             0          0.00%
met1       Horizontal     601694        296212          50.77%
met2       Vertical       451184        298535          33.83%
met3       Horizontal     300847        208368          30.74%
met4       Vertical       180958        114925          36.49%
met5       Horizontal      60031         28724          52.15%
---------------------------------------------------------------

[INFO GRT-0197] Via related to pin nodes: 10455
[INFO GRT-0198] Via related Steiner nodes: 283
[INFO GRT-0199] Via filling finished.
[INFO GRT-0111] Final number of vias: 13851
[INFO GRT-0112] Final usage 3D: 64617

[INFO GRT-0096] Final congestion report:
Layer         Resource        Demand        Usage (%)    Max H / Max V / Total Overflow
---------------------------------------------------------------------------------------
li1                  0             0            0.00%             0 /  0 /  0
met1            296212         11506            3.88%             0 /  0 /  0
met2            298535         10849            3.63%             0 /  0 /  0
met3            208368           639            0.31%             0 /  0 /  0
met4            114925            70            0.06%             0 /  0 /  0
met5             28724             0            0.00%             0 /  0 /  0
---------------------------------------------------------------------------------------
Total           946764         23064            2.44%             0 /  0 /  0

[INFO GRT-0018] Total wirelength: 199113 um
[INFO GRT-0014] Routed nets: 1722
[INFO GRT-0006] Repairing antennas, iteration 1.
[INFO GRT-0043] No OR_DEFAULT vias defined.
[INFO GRT-0012] Found 28 antenna violations.
[INFO GRT-0015] Inserted 75 diodes.
[INFO GRT-0009] rerouting 1398 nets.
[INFO GRT-0001] Minimum degree: 2
[INFO GRT-0002] Maximum degree: 30
[INFO GRT-0006] Repairing antennas, iteration 2.
[INFO GRT-0043] No OR_DEFAULT vias defined.
[INFO GRT-0012] Found 3 antenna violations.
[INFO GRT-0015] Inserted 8 diodes.
[INFO GRT-0009] rerouting 49 nets.
[INFO GRT-0001] Minimum degree: 4
[INFO GRT-0002] Maximum degree: 16
[INFO GRT-0006] Repairing antennas, iteration 3.
[INFO GRT-0043] No OR_DEFAULT vias defined.
[INFO GRT-0012] Found 0 antenna violations.
Placement Analysis
---------------------------------
total displacement          0.0 u
average displacement        0.0 u
max displacement            0.0 u
original HPWL          155305.8 u
legalized HPWL         155305.8 u
delta HPWL                    0 %

[INFO DPL-0020] Mirrored 1152 instances
[INFO DPL-0021] HPWL before          155305.8 u
[INFO DPL-0022] HPWL after           153320.3 u
[INFO DPL-0023] HPWL delta               -1.3 %
-congestion_iterations 50 -verbose
[INFO GRT-0020] Min routing layer: met1
[INFO GRT-0021] Max routing layer: met5
[INFO GRT-0022] Global adjustment: 30%
[INFO GRT-0023] Grid origin: (0, 0)
[INFO GRT-0043] No OR_DEFAULT vias defined.
[INFO GRT-0088] Layer li1     Track-Pitch = 0.4600  line-2-Via Pitch: 0.3400
[INFO GRT-0088] Layer met1    Track-Pitch = 0.3400  line-2-Via Pitch: 0.3400
[INFO GRT-0088] Layer met2    Track-Pitch = 0.4600  line-2-Via Pitch: 0.3500
[INFO GRT-0088] Layer met3    Track-Pitch = 0.6800  line-2-Via Pitch: 0.6150
[INFO GRT-0088] Layer met4    Track-Pitch = 0.9200  line-2-Via Pitch: 1.0400
[INFO GRT-0088] Layer met5    Track-Pitch = 3.4000  line-2-Via Pitch: 3.1100
[INFO GRT-0019] Found 30 clock nets.
[INFO GRT-0001] Minimum degree: 2
[INFO GRT-0002] Maximum degree: 30
[INFO GRT-0003] Macros: 0
[INFO GRT-0043] No OR_DEFAULT vias defined.
[INFO GRT-0004] Blockages: 2126

[INFO GRT-0053] Routing resources analysis:
          Routing      Original      Derated      Resource
Layer     Direction    Resources     Resources    Reduction (%)
---------------------------------------------------------------
li1        Vertical            0             0          0.00%
met1       Horizontal     601694        296212          50.77%
met2       Vertical       451184        298535          33.83%
met3       Horizontal     300847        208368          30.74%
met4       Vertical       180958        114925          36.49%
met5       Horizontal      60031         28724          52.15%
---------------------------------------------------------------

[INFO GRT-0197] Via related to pin nodes: 10528
[INFO GRT-0198] Via related Steiner nodes: 283
[INFO GRT-0199] Via filling finished.
[INFO GRT-0111] Final number of vias: 13937
[INFO GRT-0112] Final usage 3D: 64902

[INFO GRT-0096] Final congestion report:
Layer         Resource        Demand        Usage (%)    Max H / Max V / Total Overflow
---------------------------------------------------------------------------------------
li1                  0             0            0.00%             0 /  0 /  0
met1            296212         11490            3.88%             0 /  0 /  0
met2            298535         10869            3.64%             0 /  0 /  0
met3            208368           662            0.32%             0 /  0 /  0
met4            114925            70            0.06%             0 /  0 /  0
met5             28724             0            0.00%             0 /  0 /  0
---------------------------------------------------------------------------------------
Total           946764         23091            2.44%             0 /  0 /  0

[INFO GRT-0018] Total wirelength: 199492 um
[INFO GRT-0014] Routed nets: 1722
[INFO] Setting RC values…
Setting global connections for newly added cells…
[INFO] Setting global connections...
Writing OpenROAD database to '/home/nguyenviet/Downloads/des/runs/RUN_2024-07-07_22-25-24/41-openroad-repairantennas/1-diodeinsertion/des_core.odb'…
Writing layout to '/home/nguyenviet/Downloads/des/runs/RUN_2024-07-07_22-25-24/41-openroad-repairantennas/1-diodeinsertion/des_core.def'…
