Reading OpenROAD database at '/home/nguyenviet/Downloads/des/runs/RUN_2024-07-07_22-25-24/51-openroad-fillinsertion/des_core.odb'…
Reading library file at '/home/nguyenviet/.volare/volare/sky130/versions/bdc9412b3e468c102d01b7cf6337be06ec6e9c9a/sky130A/libs.ref/sky130_fd_sc_hd/lib/sky130_fd_sc_hd__ss_100C_1v60.lib'…
Reading design constraints file at '/nix/store/ch7vazi31cqikw3wq64qm4qh62m2dsrc-python3-3.11.6-env/lib/python3.11/site-packages/openlane/scripts/base.sdc'…
[INFO] Using clock clk…
[INFO] Setting output delay to: 5
[INFO] Setting input delay to: 5
[INFO] Setting load to: 0.033442
[INFO] Setting clock uncertainty to: 0.25
[INFO] Setting clock transition to: 0.1499999999999999944488848768742172978818416595458984375
[INFO] Setting timing derate to: 5%
[INFO] Setting RC values…
[INFO] Using voltage extracted from lib (1.6000000000V) for power nets and 0V for ground nets…
%OL_CREATE_REPORT irdrop.rpt
[INFO PSM-0040] All shapes on net VPWR are connected.
########## IR report #################
Net              : VPWR
Corner           : max_ss_100C_1v60
Supply voltage   : 1.60e+00 V
Worstcase voltage: 1.60e+00 V
Average voltage  : 1.60e+00 V
Average IR drop  : 1.58e-05 V
Worstcase IR drop: 6.24e-04 V
Percentage drop  : 0.04 %
######################################
[INFO PSM-0040] All shapes on net VGND are connected.
########## IR report #################
Net              : VGND
Corner           : max_ss_100C_1v60
Supply voltage   : 0.00e+00 V
Worstcase voltage: 7.12e-04 V
Average voltage  : 1.59e-05 V
Average IR drop  : 1.59e-05 V
Worstcase IR drop: 7.12e-04 V
Percentage drop  : 0.04 %
######################################
%OL_END_REPORT
