Reading OpenROAD database at '/home/nguyenviet/Downloads/des/runs/RUN_2024-07-07_22-25-24/22-openroad-globalplacementskipio/des_core.odb'…
Reading library file at '/home/nguyenviet/.volare/volare/sky130/versions/bdc9412b3e468c102d01b7cf6337be06ec6e9c9a/sky130A/libs.ref/sky130_fd_sc_hd/lib/sky130_fd_sc_hd__ss_100C_1v60.lib'…
Reading design constraints file at '/nix/store/ch7vazi31cqikw3wq64qm4qh62m2dsrc-python3-3.11.6-env/lib/python3.11/site-packages/openlane/scripts/base.sdc'…
[INFO] Using clock clk…
[INFO] Setting output delay to: 5
[INFO] Setting input delay to: 5
[INFO] Setting load to: 0.033442
[INFO] Setting clock uncertainty to: 0.25
[INFO] Setting clock transition to: 0.1499999999999999944488848768742172978818416595458984375
[INFO] Setting timing derate to: 5%
[INFO] place_pins args: -min_distance 3
Found 0 macro blocks.
[INFO PPL-0010] Tentative 0 to set up sections.
[INFO PPL-0001] Number of slots           1452
[INFO PPL-0002] Number of I/O             197
[INFO PPL-0003] Number of I/O w/sink      189
[INFO PPL-0004] Number of I/O w/o sink    8
[INFO PPL-0005] Slots per section         200
[INFO PPL-0006] Slots increase factor     0.01
[INFO PPL-0008] Successfully assigned pins to sections.
[INFO PPL-0012] I/O nets HPWL: 102896.07 um.
Setting global connections for newly added cells…
[INFO] Setting global connections...
Writing OpenROAD database to '/home/nguyenviet/Downloads/des/runs/RUN_2024-07-07_22-25-24/23-openroad-ioplacement/des_core.odb'…
Writing netlist to '/home/nguyenviet/Downloads/des/runs/RUN_2024-07-07_22-25-24/23-openroad-ioplacement/des_core.nl.v'…
Writing powered netlist to '/home/nguyenviet/Downloads/des/runs/RUN_2024-07-07_22-25-24/23-openroad-ioplacement/des_core.pnl.v'…
Writing layout to '/home/nguyenviet/Downloads/des/runs/RUN_2024-07-07_22-25-24/23-openroad-ioplacement/des_core.def'…
Writing timing constraints to '/home/nguyenviet/Downloads/des/runs/RUN_2024-07-07_22-25-24/23-openroad-ioplacement/des_core.sdc'…
