47. Printing statistics.

=== des_core ===

   Number of wires:               1088
   Number of wire bits:           1453
   Number of public wires:          17
   Number of public wire bits:     322
   Number of memories:               0
   Number of memory bits:            0
   Number of processes:              0
   Number of cells:               1289
     $_ANDNOT_                     169
     $_AND_                         22
     $_DFFE_PN0P_                    7
     $_DFFE_PP_                    120
     $_DFF_PN0_                      2
     $_MUX_                        642
     $_NAND_                         8
     $_NOR_                         11
     $_NOT_                        104
     $_ORNOT_                       25
     $_OR_                          54
     $_XNOR_                        69
     $_XOR_                         56

   Area for cell type $_NOT_ is unknown!
   Area for cell type $_AND_ is unknown!
   Area for cell type $_NAND_ is unknown!
   Area for cell type $_OR_ is unknown!
   Area for cell type $_NOR_ is unknown!
   Area for cell type $_XOR_ is unknown!
   Area for cell type $_XNOR_ is unknown!
   Area for cell type $_ANDNOT_ is unknown!
   Area for cell type $_ORNOT_ is unknown!
   Area for cell type $_MUX_ is unknown!
   Area for cell type $_DFFE_PP_ is unknown!
   Area for cell type $_DFF_PN0_ is unknown!
   Area for cell type $_DFFE_PN0P_ is unknown!

