Reading OpenROAD database at '/home/nguyenviet/Downloads/des/runs/RUN_2024-07-07_22-25-24/19-openroad-generatepdn/des_core.odb'…
Reading library file at '/home/nguyenviet/.volare/volare/sky130/versions/bdc9412b3e468c102d01b7cf6337be06ec6e9c9a/sky130A/libs.ref/sky130_fd_sc_hd/lib/sky130_fd_sc_hd__ss_100C_1v60.lib'…
Reading design constraints file at '/nix/store/ch7vazi31cqikw3wq64qm4qh62m2dsrc-python3-3.11.6-env/lib/python3.11/site-packages/openlane/scripts/base.sdc'…
[INFO] Using clock clk…
[INFO] Setting output delay to: 5
[INFO] Setting input delay to: 5
[INFO] Setting load to: 0.033442
[INFO] Setting clock uncertainty to: 0.25
[INFO] Setting clock transition to: 0.1499999999999999944488848768742172978818416595458984375
[INFO] Setting timing derate to: 5%
{*}-density 0.1279317 -skip_io -pad_right 0 -pad_left 0 -init_wirelength_coef 0.05
[INFO GPL-0002] DBU: 1000
[INFO GPL-0003] SiteSize: 460 2720
[INFO GPL-0004] CoreAreaLxLy: 5520 10880
[INFO GPL-0005] CoreAreaUxUy: 1194160 1188640
[INFO GPL-0006] NumInstances: 22108
[INFO GPL-0007] NumPlaceInstances: 1232
[INFO GPL-0008] NumFixedInstances: 20876
[INFO GPL-0009] NumDummyInstances: 0
[INFO GPL-0010] NumNets: 1364
[INFO GPL-0011] NumPins: 4720
[INFO GPL-0012] DieAreaLxLy: 0 0
[INFO GPL-0013] DieAreaUxUy: 1200000 1200000
[INFO GPL-0014] CoreAreaLxLy: 5520 10880
[INFO GPL-0015] CoreAreaUxUy: 1194160 1188640
[INFO GPL-0016] CoreArea: 1399932646400
[INFO GPL-0017] NonPlaceInstsArea: 28287129600
[INFO GPL-0018] PlaceInstsArea: 14065990400
[INFO GPL-0019] Util(%): 1.03
[INFO GPL-0020] StdInstsArea: 14065990400
[INFO GPL-0021] MacroInstsArea: 0
[INFO GPL-0031] FillerInit: NumGCells: 15709
[INFO GPL-0032] FillerInit: NumGNets: 1364
[INFO GPL-0033] FillerInit: NumGPins: 4720
[INFO GPL-0023] TargetDensity: 0.13
[INFO GPL-0024] AveragePlaceInstArea: 11417200
[INFO GPL-0025] IdealBinArea: 89244496
[INFO GPL-0026] IdealBinCnt: 15686
[INFO GPL-0027] TotalBinArea: 1399932646400
[INFO GPL-0028] BinCnt: 64 64
[INFO GPL-0029] BinSize: 18573 18403
[INFO GPL-0030] NumBins: 4096
[NesterovSolve] Iter: 1 overflow: 0.987723 HPWL: 3634661
[NesterovSolve] Iter: 10 overflow: 0.987723 HPWL: 1985264
[NesterovSolve] Iter: 20 overflow: 0.987723 HPWL: 1978842
[NesterovSolve] Iter: 30 overflow: 0.987723 HPWL: 1979582
[NesterovSolve] Iter: 40 overflow: 0.987721 HPWL: 1980096
[NesterovSolve] Iter: 50 overflow: 0.987716 HPWL: 1980575
[NesterovSolve] Iter: 60 overflow: 0.987719 HPWL: 1979473
[NesterovSolve] Iter: 70 overflow: 0.987723 HPWL: 1979333
[NesterovSolve] Iter: 80 overflow: 0.987723 HPWL: 1980469
[NesterovSolve] Iter: 90 overflow: 0.987723 HPWL: 1990115
[NesterovSolve] Iter: 100 overflow: 0.987723 HPWL: 2009290
[NesterovSolve] Iter: 110 overflow: 0.98772 HPWL: 2037304
[NesterovSolve] Iter: 120 overflow: 0.987717 HPWL: 2075020
[NesterovSolve] Iter: 130 overflow: 0.987708 HPWL: 2130905
[NesterovSolve] Iter: 140 overflow: 0.987473 HPWL: 2210112
[NesterovSolve] Iter: 150 overflow: 0.986982 HPWL: 2324610
[NesterovSolve] Iter: 160 overflow: 0.985774 HPWL: 2491012
[NesterovSolve] Iter: 170 overflow: 0.980969 HPWL: 2725261
[NesterovSolve] Iter: 180 overflow: 0.978353 HPWL: 3176599
[NesterovSolve] Iter: 190 overflow: 0.962612 HPWL: 4504344
[NesterovSolve] Iter: 200 overflow: 0.952022 HPWL: 7229998
[NesterovSolve] Iter: 210 overflow: 0.933522 HPWL: 9380516
[NesterovSolve] Iter: 220 overflow: 0.878651 HPWL: 12917763
[NesterovSolve] Iter: 230 overflow: 0.839651 HPWL: 16251789
[NesterovSolve] Iter: 240 overflow: 0.79967 HPWL: 17271021
[NesterovSolve] Iter: 250 overflow: 0.754658 HPWL: 19108985
[NesterovSolve] Iter: 260 overflow: 0.718158 HPWL: 21135344
[NesterovSolve] Iter: 270 overflow: 0.673204 HPWL: 23242270
[NesterovSolve] Iter: 280 overflow: 0.631778 HPWL: 25016882
[NesterovSolve] Iter: 290 overflow: 0.578928 HPWL: 27421221
[NesterovSolve] Iter: 300 overflow: 0.542824 HPWL: 29233031
[NesterovSolve] Iter: 310 overflow: 0.494051 HPWL: 31251568
[NesterovSolve] Iter: 320 overflow: 0.442372 HPWL: 33229969
[NesterovSolve] Iter: 330 overflow: 0.409595 HPWL: 35127188
[NesterovSolve] Iter: 340 overflow: 0.372352 HPWL: 37173838
[NesterovSolve] Iter: 350 overflow: 0.330084 HPWL: 38360270
[NesterovSolve] Iter: 360 overflow: 0.296921 HPWL: 39404986
[NesterovSolve] Iter: 370 overflow: 0.267225 HPWL: 40348589
[NesterovSolve] Iter: 380 overflow: 0.243021 HPWL: 41558094
[NesterovSolve] Iter: 390 overflow: 0.223063 HPWL: 42749554
[NesterovSolve] Iter: 400 overflow: 0.198716 HPWL: 43824082
[NesterovSolve] Iter: 410 overflow: 0.172169 HPWL: 44325740
[NesterovSolve] Iter: 420 overflow: 0.149171 HPWL: 44870174
[NesterovSolve] Iter: 430 overflow: 0.127252 HPWL: 45461566
[NesterovSolve] Iter: 440 overflow: 0.107782 HPWL: 45844464
[NesterovSolve] Finished with Overflow: 0.099814
[INFO] Setting RC values…
Setting global connections for newly added cells…
[INFO] Setting global connections...
Writing OpenROAD database to '/home/nguyenviet/Downloads/des/runs/RUN_2024-07-07_22-25-24/22-openroad-globalplacementskipio/des_core.odb'…
Writing netlist to '/home/nguyenviet/Downloads/des/runs/RUN_2024-07-07_22-25-24/22-openroad-globalplacementskipio/des_core.nl.v'…
Writing powered netlist to '/home/nguyenviet/Downloads/des/runs/RUN_2024-07-07_22-25-24/22-openroad-globalplacementskipio/des_core.pnl.v'…
Writing layout to '/home/nguyenviet/Downloads/des/runs/RUN_2024-07-07_22-25-24/22-openroad-globalplacementskipio/des_core.def'…
Writing timing constraints to '/home/nguyenviet/Downloads/des/runs/RUN_2024-07-07_22-25-24/22-openroad-globalplacementskipio/des_core.sdc'…
