Reading technology LEF file at '/home/nguyenviet/.volare/volare/sky130/versions/bdc9412b3e468c102d01b7cf6337be06ec6e9c9a/sky130A/libs.ref/sky130_fd_sc_hd/techlef/sky130_fd_sc_hd__nom.tlef'…
[INFO ODB-0227] LEF file: /home/nguyenviet/.volare/volare/sky130/versions/bdc9412b3e468c102d01b7cf6337be06ec6e9c9a/sky130A/libs.ref/sky130_fd_sc_hd/techlef/sky130_fd_sc_hd__nom.tlef, created 13 layers, 25 vias
Reading cell LEF file at '/home/nguyenviet/.volare/volare/sky130/versions/bdc9412b3e468c102d01b7cf6337be06ec6e9c9a/sky130A/libs.ref/sky130_fd_sc_hd/lef/sky130_fd_sc_hd.lef'…
[WARNING ODB-0220] WARNING (LEFPARS-2008): NOWIREEXTENSIONATPIN statement is obsolete in version 5.6 or later.
The NOWIREEXTENSIONATPIN statement will be ignored. See file /home/nguyenviet/.volare/volare/sky130/versions/bdc9412b3e468c102d01b7cf6337be06ec6e9c9a/sky130A/libs.ref/sky130_fd_sc_hd/lef/sky130_fd_sc_hd.lef at line 2.

[INFO ODB-0227] LEF file: /home/nguyenviet/.volare/volare/sky130/versions/bdc9412b3e468c102d01b7cf6337be06ec6e9c9a/sky130A/libs.ref/sky130_fd_sc_hd/lef/sky130_fd_sc_hd.lef, created 437 library cells
Reading cell LEF file at '/home/nguyenviet/.volare/volare/sky130/versions/bdc9412b3e468c102d01b7cf6337be06ec6e9c9a/sky130A/libs.ref/sky130_fd_sc_hd/lef/sky130_ef_sc_hd.lef'…
[WARNING ODB-0220] WARNING (LEFPARS-2008): NOWIREEXTENSIONATPIN statement is obsolete in version 5.6 or later.
The NOWIREEXTENSIONATPIN statement will be ignored. See file /home/nguyenviet/.volare/volare/sky130/versions/bdc9412b3e468c102d01b7cf6337be06ec6e9c9a/sky130A/libs.ref/sky130_fd_sc_hd/lef/sky130_ef_sc_hd.lef at line 2.

[INFO ODB-0227] LEF file: /home/nguyenviet/.volare/volare/sky130/versions/bdc9412b3e468c102d01b7cf6337be06ec6e9c9a/sky130A/libs.ref/sky130_fd_sc_hd/lef/sky130_ef_sc_hd.lef, created 4 library cells
[INFO ODB-0127] Reading DEF file: /home/nguyenviet/Downloads/des/runs/RUN_2024-07-07_22-25-24/51-openroad-fillinsertion/des_core.def
[INFO ODB-0128] Design: des_core
[INFO ODB-0094] 		Created 100000 Insts
[INFO ODB-0130]     Created 199 pins.
[INFO ODB-0131]     Created 142316 components and 535715 component-terminals.
[INFO ODB-0132]     Created 2 special nets and 529244 connections.
[INFO ODB-0133]     Created 1730 nets and 6471 connections.
[INFO ODB-0134] Finished DEF file: /home/nguyenviet/Downloads/des/runs/RUN_2024-07-07_22-25-24/51-openroad-fillinsertion/des_core.def
Using RCX ruleset '/home/nguyenviet/.volare/volare/sky130/versions/bdc9412b3e468c102d01b7cf6337be06ec6e9c9a/sky130A/libs.tech/openlane/rules.openrcx.sky130A.nom.calibre'…
[INFO RCX-0431] Defined process_corner CURRENT_CORNER with ext_model_index 0
[INFO RCX-0029] Defined extraction corner CURRENT_CORNER
[INFO RCX-0008] extracting parasitics of des_core ...
[INFO RCX-0435] Reading extraction model file /home/nguyenviet/.volare/volare/sky130/versions/bdc9412b3e468c102d01b7cf6337be06ec6e9c9a/sky130A/libs.tech/openlane/rules.openrcx.sky130A.nom.calibre ...
[INFO RCX-0436] RC segment generation des_core (max_merge_res 50.0) ...
[INFO RCX-0040] Final 9337 rc segments
[INFO RCX-0439] Coupling Cap extraction des_core ...
[INFO RCX-0440] Coupling threshhold is 0.1000 fF, coupling capacitance less than 0.1000 fF will be grounded.
[INFO RCX-0043] 20153 wires to be extracted
[INFO RCX-0442] 15% completion -- 3223 wires have been extracted
[INFO RCX-0442] 69% completion -- 14053 wires have been extracted
[INFO RCX-0442] 82% completion -- 16601 wires have been extracted
[INFO RCX-0442] 100% completion -- 20153 wires have been extracted
[INFO RCX-0045] Extract 1730 nets, 11059 rsegs, 11059 caps, 12598 ccs
[INFO RCX-0015] Finished extracting des_core.
Setting global connections for newly added cells…
[INFO] Setting global connections...
Writing extracted parasitics to '/home/nguyenviet/Downloads/des/runs/RUN_2024-07-07_22-25-24/52-openroad-rcx/nom/des_core.nom.spef'…
[INFO RCX-0016] Writing SPEF ...
[INFO RCX-0443] 1730 nets finished
[INFO RCX-0017] Finished writing SPEF ...
