
===========================================================================
report_checks -unconstrained
===========================================================================
======================= nom_ss_100C_1v60 Corner ===================================

Startpoint: rst_n (input port clocked by clk)
Endpoint: _2237_ (recovery check against rising-edge clock clk)
Path Group: asynchronous
Path Type: max

Fanout         Cap        Slew       Delay        Time   Description
---------------------------------------------------------------------------------------------
                      0.150000    0.000000    0.000000   clock clk (rise edge)
                                  0.000000    0.000000   clock network delay (ideal)
                                  5.000000    5.000000 ^ input external delay
     9    0.029367    0.218031    0.148180    5.148180 ^ rst_n (in)
                                                         rst_n (net)
                      0.218031    0.000000    5.148180 ^ _2237_/RESET_B (sky130_fd_sc_hd__dfrtp_2)
                                              5.148180   data arrival time

                      0.150000   25.000000   25.000000   clock clk (rise edge)
                                  0.000000   25.000000   clock network delay (ideal)
                                 -0.250000   24.750000   clock uncertainty
                                  0.000000   24.750000   clock reconvergence pessimism
                                             24.750000 ^ _2237_/CLK (sky130_fd_sc_hd__dfrtp_2)
                                  0.408371   25.158371   library recovery time
                                             25.158371   data required time
---------------------------------------------------------------------------------------------
                                             25.158371   data required time
                                             -5.148180   data arrival time
---------------------------------------------------------------------------------------------
                                             20.010191   slack (MET)


Startpoint: des_data[19] (input port clocked by clk)
Endpoint: _2229_ (rising edge-triggered flip-flop clocked by clk)
Path Group: clk
Path Type: max

Fanout         Cap        Slew       Delay        Time   Description
---------------------------------------------------------------------------------------------
                      0.150000    0.000000    0.000000   clock clk (rise edge)
                                  0.000000    0.000000   clock network delay (ideal)
                                  5.000000    5.000000 v input external delay
     1    0.001413    0.013427    0.004782    5.004783 v des_data[19] (in)
                                                         des_data[19] (net)
                      0.013427    0.000000    5.004783 v _1496_/A (sky130_fd_sc_hd__or3_2)
     3    0.008306    0.203672    1.144797    6.149580 v _1496_/X (sky130_fd_sc_hd__or3_2)
                                                         _0890_ (net)
                      0.203672    0.000000    6.149580 v _1497_/C (sky130_fd_sc_hd__and3b_2)
     4    0.008478    0.100286    0.535247    6.684827 v _1497_/X (sky130_fd_sc_hd__and3b_2)
                                                         _0891_ (net)
                      0.100286    0.000000    6.684827 v _1507_/A (sky130_fd_sc_hd__or4_2)
     9    0.024148    0.362289    1.807862    8.492689 v _1507_/X (sky130_fd_sc_hd__or4_2)
                                                         _0901_ (net)
                      0.362289    0.000000    8.492689 v _1770_/C1 (sky130_fd_sc_hd__o2111a_2)
     1    0.001350    0.060489    0.384750    8.877439 v _1770_/X (sky130_fd_sc_hd__o2111a_2)
                                                         _0173_ (net)
                      0.060489    0.000000    8.877439 v _1772_/C (sky130_fd_sc_hd__or4b_2)
     1    0.002303    0.209125    1.420379   10.297819 v _1772_/X (sky130_fd_sc_hd__or4b_2)
                                                         _0175_ (net)
                      0.209125    0.000000   10.297819 v _1775_/B1 (sky130_fd_sc_hd__o311a_2)
     1    0.002359    0.091630    0.297269   10.595088 v _1775_/X (sky130_fd_sc_hd__o311a_2)
                                                         _0178_ (net)
                      0.091630    0.000000   10.595088 v _1776_/B1 (sky130_fd_sc_hd__o21a_2)
     2    0.005663    0.075964    0.234309   10.829396 v _1776_/X (sky130_fd_sc_hd__o21a_2)
                                                         _0179_ (net)
                      0.075964    0.000000   10.829396 v _1779_/B (sky130_fd_sc_hd__or3_2)
     1    0.004222    0.175942    1.061837   11.891233 v _1779_/X (sky130_fd_sc_hd__or3_2)
                                                         _0182_ (net)
                      0.175942    0.000000   11.891233 v _1780_/A3 (sky130_fd_sc_hd__a31oi_2)
     1    0.001537    0.179721    0.295109   12.186342 ^ _1780_/Y (sky130_fd_sc_hd__a31oi_2)
                                                         _0025_ (net)
                      0.179721    0.000000   12.186342 ^ _2229_/D (sky130_fd_sc_hd__dfxtp_2)
                                             12.186342   data arrival time

                      0.150000   25.000000   25.000000   clock clk (rise edge)
                                  0.000000   25.000000   clock network delay (ideal)
                                 -0.250000   24.750000   clock uncertainty
                                  0.000000   24.750000   clock reconvergence pessimism
                                             24.750000 ^ _2229_/CLK (sky130_fd_sc_hd__dfxtp_2)
                                 -0.155848   24.594152   library setup time
                                             24.594152   data required time
---------------------------------------------------------------------------------------------
                                             24.594152   data required time
                                            -12.186342   data arrival time
---------------------------------------------------------------------------------------------
                                             12.407811   slack (MET)




===========================================================================
report_checks --slack_max -0.01
============================================================================
======================= nom_ss_100C_1v60 Corner ===================================

No paths found.


===========================================================================
 report_check_types -max_slew -max_cap -max_fanout -violators
============================================================================
======================= nom_ss_100C_1v60 Corner ===================================

max slew

Pin                                        Limit        Slew       Slack
------------------------------------------------------------------------
_1881_/Y                                1.496266    3.161013   -1.664747 (VIOLATED)
_1882_/S                                1.500000    3.161013   -1.661013 (VIOLATED)
_1883_/S                                1.500000    3.161013   -1.661013 (VIOLATED)
_1888_/S                                1.500000    3.161013   -1.661013 (VIOLATED)
_1889_/S                                1.500000    3.161013   -1.661013 (VIOLATED)
_1893_/S                                1.500000    3.161013   -1.661013 (VIOLATED)
_1895_/S                                1.500000    3.161013   -1.661013 (VIOLATED)
_1900_/S                                1.500000    3.161013   -1.661013 (VIOLATED)
_1904_/S                                1.500000    3.161013   -1.661013 (VIOLATED)
_1910_/S                                1.500000    3.161013   -1.661013 (VIOLATED)
_1915_/S                                1.500000    3.161013   -1.661013 (VIOLATED)
_1920_/S                                1.500000    3.161013   -1.661013 (VIOLATED)
_1925_/S                                1.500000    3.161013   -1.661013 (VIOLATED)
_1930_/S                                1.500000    3.161013   -1.661013 (VIOLATED)
_1935_/S                                1.500000    3.161013   -1.661013 (VIOLATED)
_1940_/S                                1.500000    3.161013   -1.661013 (VIOLATED)
_1945_/S                                1.500000    3.161013   -1.661013 (VIOLATED)
_1950_/S                                1.500000    3.161013   -1.661013 (VIOLATED)
_1955_/S                                1.500000    3.161013   -1.661013 (VIOLATED)
_1960_/S                                1.500000    3.161013   -1.661013 (VIOLATED)
_1965_/S                                1.500000    3.161013   -1.661013 (VIOLATED)
_1970_/S                                1.500000    3.161013   -1.661013 (VIOLATED)
_1975_/S                                1.500000    3.161013   -1.661013 (VIOLATED)
_1980_/S                                1.500000    3.161013   -1.661013 (VIOLATED)
_1984_/S                                1.500000    3.161013   -1.661013 (VIOLATED)
_1990_/S                                1.500000    3.161013   -1.661013 (VIOLATED)
_1995_/S                                1.500000    3.161013   -1.661013 (VIOLATED)
_2000_/S                                1.500000    3.161013   -1.661013 (VIOLATED)
_2005_/S                                1.500000    3.161013   -1.661013 (VIOLATED)
_2025_/S                                1.500000    3.161013   -1.661013 (VIOLATED)
_2026_/S                                1.500000    3.161013   -1.661013 (VIOLATED)
_2027_/S                                1.500000    3.161013   -1.661013 (VIOLATED)
_2028_/S                                1.500000    3.161013   -1.661013 (VIOLATED)
_2033_/S                                1.500000    3.161013   -1.661013 (VIOLATED)
_2035_/S                                1.500000    3.161013   -1.661013 (VIOLATED)
_2040_/S                                1.500000    3.161013   -1.661013 (VIOLATED)
_2045_/S                                1.500000    3.161013   -1.661013 (VIOLATED)
_2049_/S                                1.500000    3.161013   -1.661013 (VIOLATED)
_2055_/S                                1.500000    3.161013   -1.661013 (VIOLATED)
_2060_/S                                1.500000    3.161013   -1.661013 (VIOLATED)
_2065_/S                                1.500000    3.161013   -1.661013 (VIOLATED)
_2070_/S                                1.500000    3.161013   -1.661013 (VIOLATED)
_2075_/S                                1.500000    3.161013   -1.661013 (VIOLATED)
_2079_/S                                1.500000    3.161013   -1.661013 (VIOLATED)
_2085_/S                                1.500000    3.161013   -1.661013 (VIOLATED)
_2090_/S                                1.500000    3.161013   -1.661013 (VIOLATED)
_2095_/S                                1.500000    3.161013   -1.661013 (VIOLATED)
_2100_/S                                1.500000    3.161013   -1.661013 (VIOLATED)
_2105_/S                                1.500000    3.161013   -1.661013 (VIOLATED)
_2110_/S                                1.500000    3.161013   -1.661013 (VIOLATED)
_2115_/S                                1.500000    3.161013   -1.661013 (VIOLATED)
_2120_/S                                1.500000    3.161013   -1.661013 (VIOLATED)
_2124_/S                                1.500000    3.161013   -1.661013 (VIOLATED)
_2130_/S                                1.500000    3.161013   -1.661013 (VIOLATED)
_2135_/S                                1.500000    3.161013   -1.661013 (VIOLATED)
_2140_/S                                1.500000    3.161013   -1.661013 (VIOLATED)
_2145_/S                                1.500000    3.161013   -1.661013 (VIOLATED)
_1119_/Y                                1.496266    2.660597   -1.164331 (VIOLATED)
_1120_/S                                1.500000    2.660597   -1.160597 (VIOLATED)
_1134_/S                                1.500000    2.660597   -1.160597 (VIOLATED)
_1146_/S                                1.500000    2.660597   -1.160597 (VIOLATED)
_1176_/S                                1.500000    2.660597   -1.160597 (VIOLATED)
_1179_/S                                1.500000    2.660597   -1.160597 (VIOLATED)
_1181_/S                                1.500000    2.660597   -1.160597 (VIOLATED)
_1186_/S                                1.500000    2.660597   -1.160597 (VIOLATED)
_1189_/S                                1.500000    2.660597   -1.160597 (VIOLATED)
_1194_/S                                1.500000    2.660597   -1.160597 (VIOLATED)
_1198_/S                                1.500000    2.660597   -1.160597 (VIOLATED)
_1224_/S                                1.500000    2.660597   -1.160597 (VIOLATED)
_1227_/S                                1.500000    2.660597   -1.160597 (VIOLATED)
_1228_/S                                1.500000    2.660597   -1.160597 (VIOLATED)
_1263_/S                                1.500000    2.660597   -1.160597 (VIOLATED)
_1305_/S                                1.500000    2.660597   -1.160597 (VIOLATED)
_1316_/S                                1.500000    2.660597   -1.160597 (VIOLATED)
_1345_/S                                1.500000    2.660597   -1.160597 (VIOLATED)
_1363_/S                                1.500000    2.660597   -1.160597 (VIOLATED)
_1388_/S                                1.500000    2.660597   -1.160597 (VIOLATED)
_1434_/S                                1.500000    2.660597   -1.160597 (VIOLATED)
_1437_/S                                1.500000    2.660597   -1.160597 (VIOLATED)
_1486_/S                                1.500000    2.660597   -1.160597 (VIOLATED)
_1543_/S                                1.500000    2.660597   -1.160597 (VIOLATED)
_1557_/S                                1.500000    2.660597   -1.160597 (VIOLATED)
_1573_/S                                1.500000    2.660597   -1.160597 (VIOLATED)
_1588_/S                                1.500000    2.660597   -1.160597 (VIOLATED)
_1608_/S                                1.500000    2.660597   -1.160597 (VIOLATED)
_1615_/S                                1.500000    2.660597   -1.160597 (VIOLATED)
_1631_/S                                1.500000    2.660597   -1.160597 (VIOLATED)
_1648_/S                                1.500000    2.660597   -1.160597 (VIOLATED)
_1660_/S                                1.500000    2.660597   -1.160597 (VIOLATED)
_1674_/S                                1.500000    2.660597   -1.160597 (VIOLATED)
_1686_/S                                1.500000    2.660597   -1.160597 (VIOLATED)
_1702_/S                                1.500000    2.660597   -1.160597 (VIOLATED)
_1715_/S                                1.500000    2.660597   -1.160597 (VIOLATED)
_1718_/S                                1.500000    2.660597   -1.160597 (VIOLATED)
_1738_/S                                1.500000    2.660597   -1.160597 (VIOLATED)
_1751_/S                                1.500000    2.660597   -1.160597 (VIOLATED)
_1762_/S                                1.500000    2.660597   -1.160597 (VIOLATED)
_1777_/S                                1.500000    2.660597   -1.160597 (VIOLATED)
_1790_/S                                1.500000    2.660597   -1.160597 (VIOLATED)
_1801_/S                                1.500000    2.660597   -1.160597 (VIOLATED)
_1808_/S                                1.500000    2.660597   -1.160597 (VIOLATED)
_1821_/S                                1.500000    2.660597   -1.160597 (VIOLATED)
_1833_/S                                1.500000    2.660597   -1.160597 (VIOLATED)
_1849_/S                                1.500000    2.660597   -1.160597 (VIOLATED)
_1858_/S                                1.500000    2.660597   -1.160597 (VIOLATED)
_1112_/B                                1.500000    2.045876   -0.545876 (VIOLATED)
_1178_/S                                1.500000    2.045876   -0.545876 (VIOLATED)
_1226_/S                                1.500000    2.045876   -0.545876 (VIOLATED)
_1288_/S                                1.500000    2.045876   -0.545876 (VIOLATED)
_1347_/S                                1.500000    2.045876   -0.545876 (VIOLATED)
_1390_/S                                1.500000    2.045876   -0.545876 (VIOLATED)
_1436_/S                                1.500000    2.045876   -0.545876 (VIOLATED)
_1488_/S                                1.500000    2.045876   -0.545876 (VIOLATED)
_1545_/S                                1.500000    2.045876   -0.545876 (VIOLATED)
_1559_/S                                1.500000    2.045876   -0.545876 (VIOLATED)
_1575_/S                                1.500000    2.045876   -0.545876 (VIOLATED)
_1590_/S                                1.500000    2.045876   -0.545876 (VIOLATED)
_1610_/S                                1.500000    2.045876   -0.545876 (VIOLATED)
_1617_/S                                1.500000    2.045876   -0.545876 (VIOLATED)
_1633_/S                                1.500000    2.045876   -0.545876 (VIOLATED)
_1650_/S                                1.500000    2.045876   -0.545876 (VIOLATED)
_1662_/S                                1.500000    2.045876   -0.545876 (VIOLATED)
_1676_/S                                1.500000    2.045876   -0.545876 (VIOLATED)
_1688_/S                                1.500000    2.045876   -0.545876 (VIOLATED)
_1704_/S                                1.500000    2.045876   -0.545876 (VIOLATED)
_1717_/S                                1.500000    2.045876   -0.545876 (VIOLATED)
_1728_/S                                1.500000    2.045876   -0.545876 (VIOLATED)
_1740_/S                                1.500000    2.045876   -0.545876 (VIOLATED)
_1753_/S                                1.500000    2.045876   -0.545876 (VIOLATED)
_1764_/S                                1.500000    2.045876   -0.545876 (VIOLATED)
_1765_/B                                1.500000    2.045876   -0.545876 (VIOLATED)
_1780_/A1                               1.500000    2.045876   -0.545876 (VIOLATED)
_1792_/S                                1.500000    2.045876   -0.545876 (VIOLATED)
_1803_/S                                1.500000    2.045876   -0.545876 (VIOLATED)
_1810_/S                                1.500000    2.045876   -0.545876 (VIOLATED)
_1823_/S                                1.500000    2.045876   -0.545876 (VIOLATED)
_1835_/S                                1.500000    2.045876   -0.545876 (VIOLATED)
_1851_/B                                1.500000    2.045876   -0.545876 (VIOLATED)
_1852_/A1                               1.500000    2.045876   -0.545876 (VIOLATED)
_1860_/S                                1.500000    2.045876   -0.545876 (VIOLATED)
_2165_/S                                1.500000    2.045876   -0.545876 (VIOLATED)
_2166_/S                                1.500000    2.045876   -0.545876 (VIOLATED)
_2167_/S                                1.500000    2.045876   -0.545876 (VIOLATED)
_2168_/S                                1.500000    2.045876   -0.545876 (VIOLATED)
_2169_/S                                1.500000    2.045876   -0.545876 (VIOLATED)
_2170_/B                                1.500000    2.045876   -0.545876 (VIOLATED)
_2171_/A1                               1.500000    2.045876   -0.545876 (VIOLATED)
_2172_/S                                1.500000    2.045876   -0.545876 (VIOLATED)
_2173_/S                                1.500000    2.045876   -0.545876 (VIOLATED)
_2174_/S                                1.500000    2.045876   -0.545876 (VIOLATED)
_2175_/S                                1.500000    2.045876   -0.545876 (VIOLATED)
_2176_/S                                1.500000    2.045876   -0.545876 (VIOLATED)
_2177_/S                                1.500000    2.045876   -0.545876 (VIOLATED)
_2178_/S                                1.500000    2.045876   -0.545876 (VIOLATED)
_2179_/B                                1.500000    2.045876   -0.545876 (VIOLATED)
_2180_/A1                               1.500000    2.045876   -0.545876 (VIOLATED)
_2181_/B                                1.500000    2.045876   -0.545876 (VIOLATED)
_2182_/A1                               1.500000    2.045876   -0.545876 (VIOLATED)
_2183_/S                                1.500000    2.045876   -0.545876 (VIOLATED)
_2184_/S                                1.500000    2.045876   -0.545876 (VIOLATED)
_2185_/B                                1.500000    2.045876   -0.545876 (VIOLATED)
_2186_/A1                               1.500000    2.045876   -0.545876 (VIOLATED)
_2187_/B                                1.500000    2.045876   -0.545876 (VIOLATED)
_2188_/A1                               1.500000    2.045876   -0.545876 (VIOLATED)
_2189_/S                                1.500000    2.045876   -0.545876 (VIOLATED)
_2190_/S                                1.500000    2.045876   -0.545876 (VIOLATED)
_2191_/B                                1.500000    2.045876   -0.545876 (VIOLATED)
_2192_/A1                               1.500000    2.045876   -0.545876 (VIOLATED)
_2193_/B                                1.500000    2.045876   -0.545876 (VIOLATED)
_2194_/A1                               1.500000    2.045876   -0.545876 (VIOLATED)
_2195_/S                                1.500000    2.045876   -0.545876 (VIOLATED)
_2196_/S                                1.500000    2.045876   -0.545876 (VIOLATED)
_2197_/B                                1.500000    2.045876   -0.545876 (VIOLATED)
_2198_/A1                               1.500000    2.045876   -0.545876 (VIOLATED)
_2199_/S                                1.500000    2.045876   -0.545876 (VIOLATED)
_2200_/S                                1.500000    2.045876   -0.545876 (VIOLATED)
_2201_/S                                1.500000    2.045876   -0.545876 (VIOLATED)
_2202_/S                                1.500000    2.045876   -0.545876 (VIOLATED)
_2203_/S                                1.500000    2.045876   -0.545876 (VIOLATED)
_2204_/S                                1.500000    2.045876   -0.545876 (VIOLATED)
_1111_/X                                1.504590    2.045876   -0.541286 (VIOLATED)
_1115_/Y                                1.494004    1.853433   -0.359429 (VIOLATED)
_1123_/A1                               1.500000    1.853433   -0.353433 (VIOLATED)
_1128_/A1                               1.500000    1.853433   -0.353433 (VIOLATED)
_1129_/B                                1.500000    1.853433   -0.353433 (VIOLATED)
_1149_/A1                               1.500000    1.853433   -0.353433 (VIOLATED)
_1150_/B                                1.500000    1.853433   -0.353433 (VIOLATED)
_1231_/A1                               1.500000    1.853433   -0.353433 (VIOLATED)
_1239_/A1                               1.500000    1.853433   -0.353433 (VIOLATED)
_1249_/A1                               1.500000    1.853433   -0.353433 (VIOLATED)
_1265_/A1                               1.500000    1.853433   -0.353433 (VIOLATED)
_1266_/B                                1.500000    1.853433   -0.353433 (VIOLATED)
_1295_/A1                               1.500000    1.853433   -0.353433 (VIOLATED)
_1296_/B                                1.500000    1.853433   -0.353433 (VIOLATED)
_1319_/A1                               1.500000    1.853433   -0.353433 (VIOLATED)
_1320_/B                                1.500000    1.853433   -0.353433 (VIOLATED)
_1355_/A1                               1.500000    1.853433   -0.353433 (VIOLATED)
_1393_/A1                               1.500000    1.853433   -0.353433 (VIOLATED)
_1394_/B                                1.500000    1.853433   -0.353433 (VIOLATED)
_1404_/A1                               1.500000    1.853433   -0.353433 (VIOLATED)
_1405_/B                                1.500000    1.853433   -0.353433 (VIOLATED)
_1442_/A1                               1.500000    1.853433   -0.353433 (VIOLATED)
_1447_/A1                               1.500000    1.853433   -0.353433 (VIOLATED)
_1448_/B                                1.500000    1.853433   -0.353433 (VIOLATED)
_1457_/A1                               1.500000    1.853433   -0.353433 (VIOLATED)
_1495_/A1                               1.500000    1.853433   -0.353433 (VIOLATED)
_1512_/A1                               1.500000    1.853433   -0.353433 (VIOLATED)
_1890_/S                                1.500000    1.535150   -0.035150 (VIOLATED)
_1896_/S                                1.500000    1.535150   -0.035150 (VIOLATED)
_1901_/S                                1.500000    1.535150   -0.035150 (VIOLATED)
_1906_/S                                1.500000    1.535150   -0.035150 (VIOLATED)
_1911_/S                                1.500000    1.535150   -0.035150 (VIOLATED)
_1916_/S                                1.500000    1.535150   -0.035150 (VIOLATED)
_1921_/S                                1.500000    1.535150   -0.035150 (VIOLATED)
_1926_/S                                1.500000    1.535150   -0.035150 (VIOLATED)
_1931_/S                                1.500000    1.535150   -0.035150 (VIOLATED)
_1936_/S                                1.500000    1.535150   -0.035150 (VIOLATED)
_1941_/S                                1.500000    1.535150   -0.035150 (VIOLATED)
_1946_/S                                1.500000    1.535150   -0.035150 (VIOLATED)
_1951_/S                                1.500000    1.535150   -0.035150 (VIOLATED)
_1956_/S                                1.500000    1.535150   -0.035150 (VIOLATED)
_1961_/S                                1.500000    1.535150   -0.035150 (VIOLATED)
_1966_/S                                1.500000    1.535150   -0.035150 (VIOLATED)
_1971_/S                                1.500000    1.535150   -0.035150 (VIOLATED)
_1976_/S                                1.500000    1.535150   -0.035150 (VIOLATED)
_1981_/S                                1.500000    1.535150   -0.035150 (VIOLATED)
_1986_/S                                1.500000    1.535150   -0.035150 (VIOLATED)
_1991_/S                                1.500000    1.535150   -0.035150 (VIOLATED)
_1996_/S                                1.500000    1.535150   -0.035150 (VIOLATED)
_2001_/S                                1.500000    1.535150   -0.035150 (VIOLATED)
_2006_/S                                1.500000    1.535150   -0.035150 (VIOLATED)
_2010_/S                                1.500000    1.535150   -0.035150 (VIOLATED)
_2014_/S                                1.500000    1.535150   -0.035150 (VIOLATED)
_2018_/S                                1.500000    1.535150   -0.035150 (VIOLATED)
_2022_/S                                1.500000    1.535150   -0.035150 (VIOLATED)
_2030_/S                                1.500000    1.535150   -0.035150 (VIOLATED)
_2036_/S                                1.500000    1.535150   -0.035150 (VIOLATED)
_2041_/S                                1.500000    1.535150   -0.035150 (VIOLATED)
_2046_/S                                1.500000    1.535150   -0.035150 (VIOLATED)
_2051_/S                                1.500000    1.535150   -0.035150 (VIOLATED)
_2056_/S                                1.500000    1.535150   -0.035150 (VIOLATED)
_2061_/S                                1.500000    1.535150   -0.035150 (VIOLATED)
_2066_/S                                1.500000    1.535150   -0.035150 (VIOLATED)
_2071_/S                                1.500000    1.535150   -0.035150 (VIOLATED)
_2076_/S                                1.500000    1.535150   -0.035150 (VIOLATED)
_2081_/S                                1.500000    1.535150   -0.035150 (VIOLATED)
_2086_/S                                1.500000    1.535150   -0.035150 (VIOLATED)
_2091_/S                                1.500000    1.535150   -0.035150 (VIOLATED)
_2096_/S                                1.500000    1.535150   -0.035150 (VIOLATED)
_2101_/S                                1.500000    1.535150   -0.035150 (VIOLATED)
_2106_/S                                1.500000    1.535150   -0.035150 (VIOLATED)
_2111_/S                                1.500000    1.535150   -0.035150 (VIOLATED)
_2116_/S                                1.500000    1.535150   -0.035150 (VIOLATED)
_2121_/S                                1.500000    1.535150   -0.035150 (VIOLATED)
_2126_/S                                1.500000    1.535150   -0.035150 (VIOLATED)
_2131_/S                                1.500000    1.535150   -0.035150 (VIOLATED)
_2136_/S                                1.500000    1.535150   -0.035150 (VIOLATED)
_2141_/S                                1.500000    1.535150   -0.035150 (VIOLATED)
_2146_/S                                1.500000    1.535150   -0.035150 (VIOLATED)
_2150_/S                                1.500000    1.535150   -0.035150 (VIOLATED)
_2154_/S                                1.500000    1.535150   -0.035150 (VIOLATED)
_2158_/S                                1.500000    1.535150   -0.035150 (VIOLATED)
_2162_/S                                1.500000    1.535150   -0.035150 (VIOLATED)
_1887_/X                                1.504415    1.535150   -0.030735 (VIOLATED)

max fanout

Pin                                   Limit Fanout  Slack
---------------------------------------------------------
_1111_/X                                 10     75    -65 (VIOLATED)
_2237_/Q                                 10     61    -51 (VIOLATED)
_1886_/X                                 10     57    -47 (VIOLATED)
_1881_/Y                                 10     56    -46 (VIOLATED)
_1887_/X                                 10     56    -46 (VIOLATED)
_1880_/X                                 10     49    -39 (VIOLATED)
_1119_/Y                                 10     47    -37 (VIOLATED)
_1115_/Y                                 10     25    -15 (VIOLATED)
_1118_/Y                                 10     25    -15 (VIOLATED)
_1199_/X                                 10     16     -6 (VIOLATED)
_1122_/Y                                 10     15     -5 (VIOLATED)
_1317_/X                                 10     15     -5 (VIOLATED)
_1392_/X                                 10     15     -5 (VIOLATED)
_1136_/Y                                 10     13     -3 (VIOLATED)
_1229_/X                                 10     13     -3 (VIOLATED)
_1365_/Y                                 10     12     -2 (VIOLATED)
_1369_/X                                 10     12     -2 (VIOLATED)
_1402_/Y                                 10     12     -2 (VIOLATED)
_1116_/X                                 10     11        (VIOLATED)
_1140_/X                                 10     11        (VIOLATED)
_1254_/X                                 10     11        (VIOLATED)
_1510_/X                                 10     11        (VIOLATED)
_1511_/Y                                 10     11        (VIOLATED)

max capacitance

Pin                                        Limit         Cap       Slack
------------------------------------------------------------------------
_1881_/Y                                0.086070    0.187936   -0.101866 (VIOLATED)
_1119_/Y                                0.086070    0.157732   -0.071662 (VIOLATED)
_1111_/X                                0.190440    0.261604   -0.071164 (VIOLATED)
_1115_/Y                                0.054942    0.070569   -0.015627 (VIOLATED)
_1887_/X                                0.184031    0.187936   -0.003905 (VIOLATED)



===========================================================================
report_parasitic_annotation -report_unannotated
============================================================================
Found 1364 unannotated drivers.
 clk
 des_data[0]
 des_data[10]
 des_data[11]
 des_data[12]
 des_data[13]
 des_data[14]
 des_data[15]
 des_data[16]
 des_data[17]
 des_data[18]
 des_data[19]
 des_data[1]
 des_data[20]
 des_data[21]
 des_data[22]
 des_data[23]
 des_data[24]
 des_data[25]
 des_data[26]
 des_data[27]
 des_data[28]
 des_data[29]
 des_data[2]
 des_data[30]
 des_data[31]
 des_data[32]
 des_data[33]
 des_data[34]
 des_data[35]
 des_data[36]
 des_data[37]
 des_data[38]
 des_data[39]
 des_data[3]
 des_data[40]
 des_data[41]
 des_data[42]
 des_data[43]
 des_data[44]
 des_data[45]
 des_data[46]
 des_data[47]
 des_data[48]
 des_data[49]
 des_data[4]
 des_data[50]
 des_data[51]
 des_data[52]
 des_data[53]
 des_data[54]
 des_data[55]
 des_data[56]
 des_data[57]
 des_data[58]
 des_data[59]
 des_data[5]
 des_data[60]
 des_data[61]
 des_data[62]
 des_data[63]
 des_data[6]
 des_data[7]
 des_data[8]
 des_data[9]
 des_decipher_en
 des_encipher_en
 des_key_in[0]
 des_key_in[10]
 des_key_in[11]
 des_key_in[12]
 des_key_in[13]
 des_key_in[14]
 des_key_in[15]
 des_key_in[16]
 des_key_in[17]
 des_key_in[18]
 des_key_in[19]
 des_key_in[1]
 des_key_in[20]
 des_key_in[21]
 des_key_in[22]
 des_key_in[23]
 des_key_in[24]
 des_key_in[25]
 des_key_in[26]
 des_key_in[27]
 des_key_in[28]
 des_key_in[29]
 des_key_in[2]
 des_key_in[30]
 des_key_in[31]
 des_key_in[32]
 des_key_in[33]
 des_key_in[34]
 des_key_in[35]
 des_key_in[36]
 des_key_in[37]
 des_key_in[38]
 des_key_in[39]
 des_key_in[3]
 des_key_in[40]
 des_key_in[41]
 des_key_in[42]
 des_key_in[43]
 des_key_in[44]
 des_key_in[45]
 des_key_in[46]
 des_key_in[47]
 des_key_in[48]
 des_key_in[49]
 des_key_in[4]
 des_key_in[50]
 des_key_in[51]
 des_key_in[52]
 des_key_in[53]
 des_key_in[54]
 des_key_in[55]
 des_key_in[56]
 des_key_in[57]
 des_key_in[58]
 des_key_in[59]
 des_key_in[5]
 des_key_in[60]
 des_key_in[61]
 des_key_in[62]
 des_key_in[63]
 des_key_in[6]
 des_key_in[7]
 des_key_in[8]
 des_key_in[9]
 rst_n
 _1102_/Y
 _1103_/Y
 _1104_/Y
 _1105_/Y
 _1106_/Y
 _1107_/Y
 _1108_/Y
 _1109_/Y
 _1110_/Y
 _1111_/X
 _1112_/Y
 _1113_/Y
 _1114_/Y
 _1115_/Y
 _1116_/X
 _1117_/X
 _1118_/Y
 _1119_/Y
 _1120_/X
 _1121_/X
 _1122_/Y
 _1123_/X
 _1124_/X
 _1125_/X
 _1126_/Y
 _1127_/X
 _1128_/Y
 _1129_/X
 _1130_/Y
 _1131_/X
 _1132_/Y
 _1133_/Y
 _1134_/X
 _1135_/X
 _1136_/Y
 _1137_/Y
 _1138_/Y
 _1139_/Y
 _1140_/X
 _1141_/X
 _1142_/X
 _1143_/Y
 _1144_/Y
 _1145_/Y
 _1146_/X
 _1147_/X
 _1148_/Y
 _1149_/Y
 _1150_/X
 _1151_/Y
 _1152_/X
 _1153_/X
 _1154_/Y
 _1155_/Y
 _1156_/Y
 _1157_/X
 _1158_/Y
 _1159_/Y
 _1160_/Y
 _1161_/X
 _1162_/X
 _1163_/X
 _1164_/Y
 _1165_/X
 _1166_/Y
 _1167_/Y
 _1168_/X
 _1169_/Y
 _1170_/X
 _1171_/X
 _1172_/Y
 _1173_/X
 _1174_/X
 _1175_/X
 _1176_/X
 _1177_/X
 _1178_/X
 _1179_/X
 _1180_/X
 _1181_/X
 _1182_/Y
 _1183_/Y
 _1184_/X
 _1185_/Y
 _1186_/X
 _1187_/X
 _1188_/Y
 _1189_/X
 _1190_/X
 _1191_/Y
 _1192_/Y
 _1193_/Y
 _1194_/X
 _1195_/X
 _1196_/Y
 _1197_/X
 _1198_/X
 _1199_/X
 _1200_/Y
 _1201_/Y
 _1202_/X
 _1203_/Y
 _1204_/Y
 _1205_/Y
 _1206_/X
 _1207_/Y
 _1208_/Y
 _1209_/X
 _1210_/Y
 _1211_/Y
 _1212_/X
 _1213_/Y
 _1214_/X
 _1215_/X
 _1216_/Y
 _1217_/X
 _1218_/Y
 _1219_/X
 _1220_/X
 _1221_/Y
 _1222_/X
 _1223_/X
 _1224_/X
 _1225_/Y
 _1226_/X
 _1227_/X
 _1228_/X
 _1229_/X
 _1230_/Y
 _1231_/X
 _1232_/X
 _1233_/X
 _1234_/Y
 _1235_/Y
 _1236_/X
 _1237_/Y
 _1238_/Y
 _1239_/X
 _1240_/X
 _1241_/X
 _1242_/X
 _1243_/Y
 _1244_/Y
 _1245_/X
 _1246_/X
 _1247_/Y
 _1248_/Y
 _1249_/X
 _1250_/X
 _1251_/Y
 _1252_/X
 _1253_/Y
 _1254_/X
 _1255_/Y
 _1256_/X
 _1257_/Y
 _1258_/X
 _1259_/Y
 _1260_/Y
 _1261_/Y
 _1262_/Y
 _1263_/X
 _1264_/X
 _1265_/Y
 _1266_/X
 _1267_/Y
 _1268_/X
 _1269_/X
 _1270_/X
 _1271_/Y
 _1272_/X
 _1273_/X
 _1274_/X
 _1275_/X
 _1276_/X
 _1277_/Y
 _1278_/X
 _1279_/X
 _1280_/Y
 _1281_/Y
 _1282_/Y
 _1283_/X
 _1284_/X
 _1285_/X
 _1286_/X
 _1287_/X
 _1288_/X
 _1289_/Y
 _1290_/X
 _1291_/X
 _1292_/Y
 _1293_/Y
 _1294_/Y
 _1295_/Y
 _1296_/X
 _1297_/Y
 _1298_/Y
 _1299_/X
 _1300_/X
 _1301_/Y
 _1302_/Y
 _1303_/X
 _1304_/X
 _1305_/X
 _1306_/X
 _1307_/Y
 _1308_/Y
 _1309_/X
 _1310_/X
 _1311_/Y
 _1312_/X
 _1313_/Y
 _1314_/X
 _1315_/X
 _1316_/X
 _1317_/X
 _1318_/Y
 _1319_/Y
 _1320_/X
 _1321_/Y
 _1322_/Y
 _1323_/Y
 _1324_/Y
 _1325_/Y
 _1326_/X
 _1327_/Y
 _1328_/Y
 _1329_/Y
 _1330_/X
 _1331_/Y
 _1332_/Y
 _1333_/Y
 _1334_/X
 _1335_/X
 _1336_/X
 _1337_/X
 _1338_/Y
 _1339_/Y
 _1340_/X
 _1341_/Y
 _1342_/X
 _1343_/X
 _1344_/X
 _1345_/X
 _1346_/Y
 _1347_/X
 _1348_/X
 _1349_/Y
 _1350_/Y
 _1351_/X
 _1352_/X
 _1353_/Y
 _1354_/Y
 _1355_/X
 _1356_/X
 _1357_/X
 _1358_/Y
 _1359_/Y
 _1360_/X
 _1361_/Y
 _1362_/X
 _1363_/X
 _1364_/X
 _1365_/Y
 _1366_/Y
 _1367_/Y
 _1368_/X
 _1369_/X
 _1370_/Y
 _1371_/Y
 _1372_/Y
 _1373_/X
 _1374_/X
 _1375_/X
 _1376_/X
 _1377_/Y
 _1378_/X
 _1379_/X
 _1380_/Y
 _1381_/Y
 _1382_/Y
 _1383_/X
 _1384_/Y
 _1385_/X
 _1386_/X
 _1387_/X
 _1388_/X
 _1389_/Y
 _1390_/X
 _1391_/X
 _1392_/X
 _1393_/Y
 _1394_/X
 _1395_/Y
 _1396_/X
 _1397_/Y
 _1398_/Y
 _1399_/X
 _1400_/Y
 _1401_/X
 _1402_/Y
 _1403_/Y
 _1404_/Y
 _1405_/X
 _1406_/Y
 _1407_/X
 _1408_/Y
 _1409_/Y
 _1410_/X
 _1411_/Y
 _1412_/X
 _1413_/Y
 _1414_/Y
 _1415_/X
 _1416_/X
 _1417_/X
 _1418_/Y
 _1419_/Y
 _1420_/X
 _1421_/Y
 _1422_/X
 _1423_/X
 _1424_/X
 _1425_/X
 _1426_/Y
 _1427_/Y
 _1428_/X
 _1429_/Y
 _1430_/X
 _1431_/Y
 _1432_/X
 _1433_/Y
 _1434_/X
 _1435_/X
 _1436_/X
 _1437_/X
 _1438_/X
 _1439_/X
 _1440_/X
 _1441_/Y
 _1442_/X
 _1443_/X
 _1444_/X
 _1445_/Y
 _1446_/Y
 _1447_/Y
 _1448_/X
 _1449_/Y
 _1450_/Y
 _1451_/X
 _1452_/X
 _1453_/Y
 _1454_/X
 _1455_/X
 _1456_/Y
 _1457_/X
 _1458_/X
 _1459_/X
 _1460_/Y
 _1461_/X
 _1462_/Y
 _1463_/X
 _1464_/Y
 _1465_/Y
 _1466_/X
 _1467_/Y
 _1468_/X
 _1469_/X
 _1470_/X
 _1471_/X
 _1472_/X
 _1473_/Y
 _1474_/X
 _1475_/X
 _1476_/X
 _1477_/Y
 _1478_/Y
 _1479_/X
 _1480_/X
 _1481_/X
 _1482_/X
 _1483_/Y
 _1484_/Y
 _1485_/X
 _1486_/X
 _1487_/Y
 _1488_/X
 _1489_/X
 _1490_/Y
 _1491_/Y
 _1492_/Y
 _1493_/Y
 _1494_/Y
 _1495_/X
 _1496_/X
 _1497_/X
 _1498_/Y
 _1499_/X
 _1500_/Y
 _1501_/Y
 _1502_/X
 _1503_/X
 _1504_/Y
 _1505_/Y
 _1506_/Y
 _1507_/X
 _1508_/X
 _1509_/X
 _1510_/X
 _1511_/Y
 _1512_/X
 _1513_/X
 _1514_/X
 _1515_/Y
 _1516_/X
 _1517_/Y
 _1518_/Y
 _1519_/X
 _1520_/Y
 _1521_/Y
 _1522_/Y
 _1523_/Y
 _1524_/X
 _1525_/X
 _1526_/X
 _1527_/Y
 _1528_/Y
 _1529_/X
 _1530_/Y
 _1531_/X
 _1532_/X
 _1533_/X
 _1534_/X
 _1535_/X
 _1536_/Y
 _1537_/Y
 _1538_/Y
 _1539_/X
 _1540_/X
 _1541_/Y
 _1542_/X
 _1543_/X
 _1544_/Y
 _1545_/X
 _1546_/X
 _1547_/X
 _1548_/Y
 _1549_/X
 _1550_/X
 _1551_/Y
 _1552_/X
 _1553_/X
 _1554_/Y
 _1555_/X
 _1556_/X
 _1557_/X
 _1558_/Y
 _1559_/X
 _1560_/Y
 _1561_/Y
 _1562_/X
 _1563_/Y
 _1564_/Y
 _1565_/Y
 _1566_/X
 _1567_/Y
 _1568_/X
 _1569_/X
 _1570_/Y
 _1571_/X
 _1572_/X
 _1573_/X
 _1574_/Y
 _1575_/X
 _1576_/X
 _1577_/X
 _1578_/X
 _1579_/Y
 _1580_/X
 _1581_/X
 _1582_/Y
 _1583_/X
 _1584_/Y
 _1585_/Y
 _1586_/Y
 _1587_/X
 _1588_/X
 _1589_/X
 _1590_/X
 _1591_/Y
 _1592_/X
 _1593_/Y
 _1594_/X
 _1595_/Y
 _1596_/Y
 _1597_/X
 _1598_/X
 _1599_/X
 _1600_/X
 _1601_/X
 _1602_/X
 _1603_/Y
 _1604_/Y
 _1605_/X
 _1606_/X
 _1607_/X
 _1608_/X
 _1609_/X
 _1610_/X
 _1611_/Y
 _1612_/X
 _1613_/Y
 _1614_/X
 _1615_/X
 _1616_/X
 _1617_/X
 _1618_/Y
 _1619_/Y
 _1620_/X
 _1621_/Y
 _1622_/Y
 _1623_/X
 _1624_/X
 _1625_/X
 _1626_/Y
 _1627_/X
 _1628_/X
 _1629_/Y
 _1630_/X
 _1631_/X
 _1632_/Y
 _1633_/X
 _1634_/Y
 _1635_/Y
 _1636_/X
 _1637_/X
 _1638_/X
 _1639_/Y
 _1640_/X
 _1641_/Y
 _1642_/X
 _1643_/Y
 _1644_/Y
 _1645_/X
 _1646_/X
 _1647_/X
 _1648_/X
 _1649_/Y
 _1650_/X
 _1651_/Y
 _1652_/Y
 _1653_/Y
 _1654_/Y
 _1655_/X
 _1656_/X
 _1657_/X
 _1658_/X
 _1659_/X
 _1660_/X
 _1661_/Y
 _1662_/X
 _1663_/X
 _1664_/Y
 _1665_/X
 _1666_/X
 _1667_/Y
 _1668_/X
 _1669_/X
 _1670_/Y
 _1671_/Y
 _1672_/Y
 _1673_/X
 _1674_/X
 _1675_/X
 _1676_/X
 _1677_/X
 _1678_/X
 _1679_/Y
 _1680_/X
 _1681_/X
 _1682_/X
 _1683_/Y
 _1684_/X
 _1685_/X
 _1686_/X
 _1687_/Y
 _1688_/X
 _1689_/X
 _1690_/X
 _1691_/X
 _1692_/X
 _1693_/Y
 _1694_/X
 _1695_/Y
 _1696_/X
 _1697_/X
 _1698_/Y
 _1699_/Y
 _1700_/X
 _1701_/X
 _1702_/X
 _1703_/Y
 _1704_/X
 _1705_/Y
 _1706_/X
 _1707_/X
 _1708_/X
 _1709_/Y
 _1710_/X
 _1711_/X
 _1712_/Y
 _1713_/X
 _1714_/X
 _1715_/X
 _1716_/Y
 _1717_/X
 _1718_/X
 _1719_/Y
 _1720_/Y
 _1721_/Y
 _1722_/X
 _1723_/X
 _1724_/X
 _1725_/X
 _1726_/X
 _1727_/Y
 _1728_/X
 _1729_/X
 _1730_/X
 _1731_/Y
 _1732_/X
 _1733_/X
 _1734_/X
 _1735_/X
 _1736_/Y
 _1737_/X
 _1738_/X
 _1739_/Y
 _1740_/X
 _1741_/X
 _1742_/X
 _1743_/X
 _1744_/X
 _1745_/Y
 _1746_/Y
 _1747_/X
 _1748_/X
 _1749_/Y
 _1750_/X
 _1751_/X
 _1752_/Y
 _1753_/X
 _1754_/Y
 _1755_/X
 _1756_/X
 _1757_/X
 _1758_/X
 _1759_/X
 _1760_/X
 _1761_/X
 _1762_/X
 _1763_/Y
 _1764_/X
 _1765_/Y
 _1766_/X
 _1767_/X
 _1768_/X
 _1769_/X
 _1770_/X
 _1771_/X
 _1772_/X
 _1773_/Y
 _1774_/Y
 _1775_/X
 _1776_/X
 _1777_/X
 _1778_/Y
 _1779_/X
 _1780_/Y
 _1781_/Y
 _1782_/X
 _1783_/X
 _1784_/X
 _1785_/Y
 _1786_/Y
 _1787_/Y
 _1788_/Y
 _1789_/X
 _1790_/X
 _1791_/X
 _1792_/X
 _1793_/X
 _1794_/X
 _1795_/X
 _1796_/X
 _1797_/Y
 _1798_/Y
 _1799_/X
 _1800_/X
 _1801_/X
 _1802_/Y
 _1803_/X
 _1804_/X
 _1805_/X
 _1806_/X
 _1807_/X
 _1808_/X
 _1809_/Y
 _1810_/X
 _1811_/X
 _1812_/X
 _1813_/Y
 _1814_/Y
 _1815_/X
 _1816_/X
 _1817_/X
 _1818_/X
 _1819_/X
 _1820_/X
 _1821_/X
 _1822_/Y
 _1823_/X
 _1824_/X
 _1825_/X
 _1826_/Y
 _1827_/X
 _1828_/Y
 _1829_/X
 _1830_/X
 _1831_/X
 _1832_/X
 _1833_/X
 _1834_/Y
 _1835_/X
 _1836_/X
 _1837_/Y
 _1838_/X
 _1839_/Y
 _1840_/Y
 _1841_/Y
 _1842_/X
 _1843_/Y
 _1844_/Y
 _1845_/X
 _1846_/Y
 _1847_/X
 _1848_/X
 _1849_/X
 _1850_/Y
 _1851_/Y
 _1852_/Y
 _1853_/Y
 _1854_/Y
 _1855_/X
 _1856_/Y
 _1857_/X
 _1858_/X
 _1859_/Y
 _1860_/X
 _1861_/Y
 _1862_/Y
 _1863_/Y
 _1864_/X
 _1865_/Y
 _1866_/X
 _1867_/Y
 _1868_/X
 _1869_/X
 _1870_/X
 _1871_/Y
 _1872_/X
 _1873_/X
 _1874_/Y
 _1875_/Y
 _1876_/X
 _1877_/X
 _1878_/X
 _1879_/Y
 _1880_/X
 _1881_/Y
 _1882_/X
 _1883_/X
 _1884_/X
 _1885_/X
 _1886_/X
 _1887_/X
 _1888_/X
 _1889_/X
 _1890_/X
 _1891_/X
 _1892_/X
 _1893_/X
 _1894_/X
 _1895_/X
 _1896_/X
 _1897_/X
 _1898_/X
 _1899_/X
 _1900_/X
 _1901_/X
 _1902_/X
 _1903_/X
 _1904_/X
 _1905_/X
 _1906_/X
 _1907_/X
 _1908_/X
 _1909_/X
 _1910_/X
 _1911_/X
 _1912_/X
 _1913_/X
 _1914_/X
 _1915_/X
 _1916_/X
 _1917_/X
 _1918_/X
 _1919_/X
 _1920_/X
 _1921_/X
 _1922_/X
 _1923_/X
 _1924_/X
 _1925_/X
 _1926_/X
 _1927_/X
 _1928_/X
 _1929_/X
 _1930_/X
 _1931_/X
 _1932_/X
 _1933_/X
 _1934_/X
 _1935_/X
 _1936_/X
 _1937_/X
 _1938_/X
 _1939_/X
 _1940_/X
 _1941_/X
 _1942_/X
 _1943_/X
 _1944_/X
 _1945_/X
 _1946_/X
 _1947_/X
 _1948_/X
 _1949_/X
 _1950_/X
 _1951_/X
 _1952_/X
 _1953_/X
 _1954_/X
 _1955_/X
 _1956_/X
 _1957_/X
 _1958_/X
 _1959_/X
 _1960_/X
 _1961_/X
 _1962_/X
 _1963_/X
 _1964_/X
 _1965_/X
 _1966_/X
 _1967_/X
 _1968_/X
 _1969_/X
 _1970_/X
 _1971_/X
 _1972_/X
 _1973_/X
 _1974_/X
 _1975_/X
 _1976_/X
 _1977_/X
 _1978_/X
 _1979_/X
 _1980_/X
 _1981_/X
 _1982_/X
 _1983_/X
 _1984_/X
 _1985_/X
 _1986_/X
 _1987_/X
 _1988_/X
 _1989_/X
 _1990_/X
 _1991_/X
 _1992_/X
 _1993_/X
 _1994_/X
 _1995_/X
 _1996_/X
 _1997_/X
 _1998_/X
 _1999_/X
 _2000_/X
 _2001_/X
 _2002_/X
 _2003_/X
 _2004_/X
 _2005_/X
 _2006_/X
 _2007_/X
 _2008_/X
 _2009_/X
 _2010_/X
 _2011_/X
 _2012_/X
 _2013_/X
 _2014_/X
 _2015_/X
 _2016_/X
 _2017_/X
 _2018_/X
 _2019_/X
 _2020_/X
 _2021_/X
 _2022_/X
 _2023_/X
 _2024_/X
 _2025_/X
 _2026_/X
 _2027_/X
 _2028_/X
 _2029_/X
 _2030_/X
 _2031_/X
 _2032_/X
 _2033_/X
 _2034_/X
 _2035_/X
 _2036_/X
 _2037_/X
 _2038_/X
 _2039_/X
 _2040_/X
 _2041_/X
 _2042_/X
 _2043_/X
 _2044_/X
 _2045_/X
 _2046_/X
 _2047_/X
 _2048_/X
 _2049_/X
 _2050_/X
 _2051_/X
 _2052_/X
 _2053_/X
 _2054_/X
 _2055_/X
 _2056_/X
 _2057_/X
 _2058_/X
 _2059_/X
 _2060_/X
 _2061_/X
 _2062_/X
 _2063_/X
 _2064_/X
 _2065_/X
 _2066_/X
 _2067_/X
 _2068_/X
 _2069_/X
 _2070_/X
 _2071_/X
 _2072_/X
 _2073_/X
 _2074_/X
 _2075_/X
 _2076_/X
 _2077_/X
 _2078_/X
 _2079_/X
 _2080_/X
 _2081_/X
 _2082_/X
 _2083_/X
 _2084_/X
 _2085_/X
 _2086_/X
 _2087_/X
 _2088_/X
 _2089_/X
 _2090_/X
 _2091_/X
 _2092_/X
 _2093_/X
 _2094_/X
 _2095_/X
 _2096_/X
 _2097_/X
 _2098_/X
 _2099_/X
 _2100_/X
 _2101_/X
 _2102_/X
 _2103_/X
 _2104_/X
 _2105_/X
 _2106_/X
 _2107_/X
 _2108_/X
 _2109_/X
 _2110_/X
 _2111_/X
 _2112_/X
 _2113_/X
 _2114_/X
 _2115_/X
 _2116_/X
 _2117_/X
 _2118_/X
 _2119_/X
 _2120_/X
 _2121_/X
 _2122_/X
 _2123_/X
 _2124_/X
 _2125_/X
 _2126_/X
 _2127_/X
 _2128_/X
 _2129_/X
 _2130_/X
 _2131_/X
 _2132_/X
 _2133_/X
 _2134_/X
 _2135_/X
 _2136_/X
 _2137_/X
 _2138_/X
 _2139_/X
 _2140_/X
 _2141_/X
 _2142_/X
 _2143_/X
 _2144_/X
 _2145_/X
 _2146_/X
 _2147_/X
 _2148_/X
 _2149_/X
 _2150_/X
 _2151_/X
 _2152_/X
 _2153_/X
 _2154_/X
 _2155_/X
 _2156_/X
 _2157_/X
 _2158_/X
 _2159_/X
 _2160_/X
 _2161_/X
 _2162_/X
 _2163_/X
 _2164_/X
 _2165_/X
 _2166_/X
 _2167_/X
 _2168_/X
 _2169_/X
 _2170_/Y
 _2171_/X
 _2172_/X
 _2173_/X
 _2174_/X
 _2175_/X
 _2176_/X
 _2177_/X
 _2178_/X
 _2179_/Y
 _2180_/X
 _2181_/Y
 _2182_/X
 _2183_/X
 _2184_/X
 _2185_/Y
 _2186_/X
 _2187_/Y
 _2188_/X
 _2189_/X
 _2190_/X
 _2191_/Y
 _2192_/X
 _2193_/Y
 _2194_/X
 _2195_/X
 _2196_/X
 _2197_/Y
 _2198_/X
 _2199_/X
 _2200_/X
 _2201_/X
 _2202_/X
 _2203_/X
 _2204_/X
 _2205_/Q
 _2206_/Q
 _2207_/Q
 _2208_/Q
 _2209_/Q
 _2210_/Q
 _2211_/Q
 _2212_/Q
 _2213_/Q
 _2214_/Q
 _2215_/Q
 _2216_/Q
 _2217_/Q
 _2218_/Q
 _2219_/Q
 _2220_/Q
 _2221_/Q
 _2222_/Q
 _2223_/Q
 _2224_/Q
 _2225_/Q
 _2226_/Q
 _2227_/Q
 _2228_/Q
 _2229_/Q
 _2230_/Q
 _2231_/Q
 _2232_/Q
 _2233_/Q
 _2234_/Q
 _2235_/Q
 _2236_/Q
 _2237_/Q
 _2238_/Q
 _2239_/Q
 _2240_/Q
 _2241_/Q
 _2242_/Q
 _2243_/Q
 _2244_/Q
 _2245_/Q
 _2246_/Q
 _2247_/Q
 _2248_/Q
 _2249_/Q
 _2250_/Q
 _2251_/Q
 _2252_/Q
 _2253_/Q
 _2254_/Q
 _2255_/Q
 _2256_/Q
 _2257_/Q
 _2258_/Q
 _2259_/Q
 _2260_/Q
 _2261_/Q
 _2262_/Q
 _2263_/Q
 _2264_/Q
 _2265_/Q
 _2266_/Q
 _2267_/Q
 _2268_/Q
 _2269_/Q
 _2270_/Q
 _2271_/Q
 _2272_/Q
 _2273_/Q
 _2274_/Q
 _2275_/Q
 _2276_/Q
 _2277_/Q
 _2278_/Q
 _2279_/Q
 _2280_/Q
 _2281_/Q
 _2282_/Q
 _2283_/Q
 _2284_/Q
 _2285_/Q
 _2286_/Q
 _2287_/Q
 _2288_/Q
 _2289_/Q
 _2290_/Q
 _2291_/Q
 _2292_/Q
 _2293_/Q
 _2294_/Q
 _2295_/Q
 _2296_/Q
 _2297_/Q
 _2298_/Q
 _2299_/Q
 _2300_/Q
 _2301_/Q
 _2302_/Q
 _2303_/Q
 _2304_/Q
 _2305_/Q
 _2306_/Q
 _2307_/Q
 _2308_/Q
 _2309_/Q
 _2310_/Q
 _2311_/Q
 _2312_/Q
 _2313_/Q
 _2314_/Q
 _2315_/Q
 _2316_/Q
 _2317_/Q
 _2318_/Q
 _2319_/Q
 _2320_/Q
 _2321_/Q
 _2322_/Q
 _2323_/Q
 _2324_/Q
 _2325_/Q
 _2326_/Q
 _2327_/Q
 _2328_/Q
 _2329_/Q
 _2330_/Q
 _2331_/Q
 _2332_/Q
 _2333_/Q
Found 0 partially unannotated drivers.

===========================================================================
max slew violation count 264
max fanout violation count 23
max cap violation count 5
============================================================================

===========================================================================
check_setup -verbose -unconstrained_endpoints -multiple_clock -no_clock -no_input_delay -loops -generated_clocks
===========================================================================
