Reading OpenROAD database at '/home/nguyenviet/Downloads/des/runs/RUN_2024-07-07_22-25-24/17-openroad-tapendcapinsertion/des_core.odb'…
Reading library file at '/home/nguyenviet/.volare/volare/sky130/versions/bdc9412b3e468c102d01b7cf6337be06ec6e9c9a/sky130A/libs.ref/sky130_fd_sc_hd/lib/sky130_fd_sc_hd__ss_100C_1v60.lib'…
Reading design constraints file at '/nix/store/ch7vazi31cqikw3wq64qm4qh62m2dsrc-python3-3.11.6-env/lib/python3.11/site-packages/openlane/scripts/base.sdc'…
[INFO] Using clock clk…
[INFO] Setting output delay to: 5
[INFO] Setting input delay to: 5
[INFO] Setting load to: 0.033442
[INFO] Setting clock uncertainty to: 0.25
[INFO] Setting clock transition to: 0.1499999999999999944488848768742172978818416595458984375
[INFO] Setting timing derate to: 5%
[INFO] Setting global connections...
[INFO PDN-0001] Inserting grid: stdcell_grid
Setting global connections for newly added cells…
[INFO] Setting global connections...
Writing OpenROAD database to '/home/nguyenviet/Downloads/des/runs/RUN_2024-07-07_22-25-24/19-openroad-generatepdn/des_core.odb'…
Writing netlist to '/home/nguyenviet/Downloads/des/runs/RUN_2024-07-07_22-25-24/19-openroad-generatepdn/des_core.nl.v'…
Writing powered netlist to '/home/nguyenviet/Downloads/des/runs/RUN_2024-07-07_22-25-24/19-openroad-generatepdn/des_core.pnl.v'…
Writing layout to '/home/nguyenviet/Downloads/des/runs/RUN_2024-07-07_22-25-24/19-openroad-generatepdn/des_core.def'…
Writing timing constraints to '/home/nguyenviet/Downloads/des/runs/RUN_2024-07-07_22-25-24/19-openroad-generatepdn/des_core.sdc'…
[INFO PSM-0040] All shapes on net VPWR are connected.
[INFO PSM-0040] All shapes on net VGND are connected.
