
===========================================================================
report_checks -unconstrained
===========================================================================
======================= max_ss_100C_1v60 Corner ===================================

Startpoint: rst_n (input port clocked by clk)
Endpoint: _2245_ (recovery check against rising-edge clock clk)
Path Group: asynchronous
Path Type: max

Fanout         Cap        Slew       Delay        Time   Description
---------------------------------------------------------------------------------------------
                                  0.000000    0.000000   clock clk (rise edge)
                                  0.000000    0.000000   clock network delay (propagated)
                                  5.000000    5.000000 ^ input external delay
     9    0.072147    0.520863    0.371681    5.371681 ^ rst_n (in)
                                                         rst_n (net)
                      0.522868    0.000000    5.371681 ^ _2245_/RESET_B (sky130_fd_sc_hd__dfrtp_2)
                                              5.371681   data arrival time

                                 25.000000   25.000000   clock clk (rise edge)
                                  0.000000   25.000000   clock source latency
   129    0.222126    1.592751    1.114566   26.114565 ^ clk (in)
                                                         clk (net)
                      1.592751    0.000000   26.114565 ^ _2245_/CLK (sky130_fd_sc_hd__dfrtp_2)
                                 -0.250000   25.864567   clock uncertainty
                                  0.000000   25.864567   clock reconvergence pessimism
                                  0.780854   26.645418   library recovery time
                                             26.645418   data required time
---------------------------------------------------------------------------------------------
                                             26.645418   data required time
                                             -5.371681   data arrival time
---------------------------------------------------------------------------------------------
                                             21.273739   slack (MET)


Startpoint: _2244_ (rising edge-triggered flip-flop clocked by clk)
Endpoint: _2229_ (rising edge-triggered flip-flop clocked by clk)
Path Group: clk
Path Type: max

Fanout         Cap        Slew       Delay        Time   Description
---------------------------------------------------------------------------------------------
                                  0.000000    0.000000   clock clk (rise edge)
                                  0.000000    0.000000   clock source latency
   129    0.222126    1.592751    1.114567    1.114567 ^ clk (in)
                                                         clk (net)
                      1.592751    0.000000    1.114567 ^ _2244_/CLK (sky130_fd_sc_hd__dfrtp_2)
     5    0.019261    0.147512    1.405520    2.520087 v _2244_/Q (sky130_fd_sc_hd__dfrtp_2)
                                                         rcounter[2] (net)
                      0.147512    0.000406    2.520493 v _1116_/A (sky130_fd_sc_hd__or3_2)
    11    0.146753    0.772017    1.824956    4.345448 v _1116_/X (sky130_fd_sc_hd__or3_2)
                                                         _0517_ (net)
                      0.778251    0.056173    4.401621 v _1119_/A (sky130_fd_sc_hd__nor2_2)
    47    0.410876    6.887585    5.293210    9.694831 ^ _1119_/Y (sky130_fd_sc_hd__nor2_2)
                                                         _0520_ (net)
                      6.901169    0.255456    9.950287 ^ _1437_/S (sky130_fd_sc_hd__mux2_1)
     4    0.114891    1.035753    2.265645   12.215932 v _1437_/X (sky130_fd_sc_hd__mux2_1)
                                                         _0832_ (net)
                      1.043432    0.070115   12.286046 v _1511_/B (sky130_fd_sc_hd__xnor2_2)
    11    0.036513    0.798234    1.036776   13.322823 ^ _1511_/Y (sky130_fd_sc_hd__xnor2_2)
                                                         _0905_ (net)
                      0.798234    0.001735   13.324557 ^ _1771_/B (sky130_fd_sc_hd__or3_2)
     2    0.005353    0.078039    0.471078   13.795635 ^ _1771_/X (sky130_fd_sc_hd__or3_2)
                                                         _0174_ (net)
                      0.078039    0.000036   13.795671 ^ _1772_/D_N (sky130_fd_sc_hd__or4b_2)
     1    0.003569    0.219515    1.400071   15.195742 v _1772_/X (sky130_fd_sc_hd__or4b_2)
                                                         _0175_ (net)
                      0.219515    0.000050   15.195792 v _1775_/B1 (sky130_fd_sc_hd__o311a_2)
     1    0.003771    0.097914    0.311765   15.507557 v _1775_/X (sky130_fd_sc_hd__o311a_2)
                                                         _0178_ (net)
                      0.097914    0.000057   15.507613 v _1776_/B1 (sky130_fd_sc_hd__o21a_2)
     2    0.008705    0.085783    0.251930   15.759543 v _1776_/X (sky130_fd_sc_hd__o21a_2)
                                                         _0179_ (net)
                      0.085783    0.000282   15.759826 v _1779_/B (sky130_fd_sc_hd__or3_2)
     1    0.005060    0.179214    1.079380   16.839207 v _1779_/X (sky130_fd_sc_hd__or3_2)
                                                         _0182_ (net)
                      0.179214    0.000052   16.839258 v _1780_/A3 (sky130_fd_sc_hd__a31oi_2)
     1    0.002441    0.326288    0.310028   17.149284 ^ _1780_/Y (sky130_fd_sc_hd__a31oi_2)
                                                         _0025_ (net)
                      0.326288    0.000023   17.149309 ^ _2229_/D (sky130_fd_sc_hd__dfxtp_2)
                                             17.149309   data arrival time

                                 25.000000   25.000000   clock clk (rise edge)
                                  0.000000   25.000000   clock source latency
   129    0.222126    1.592751    1.114566   26.114565 ^ clk (in)
                                                         clk (net)
                      1.592751    0.000000   26.114565 ^ _2229_/CLK (sky130_fd_sc_hd__dfxtp_2)
                                 -0.250000   25.864567   clock uncertainty
                                  0.000000   25.864567   clock reconvergence pessimism
                                  0.060729   25.925295   library setup time
                                             25.925295   data required time
---------------------------------------------------------------------------------------------
                                             25.925295   data required time
                                            -17.149309   data arrival time
---------------------------------------------------------------------------------------------
                                              8.775987   slack (MET)




===========================================================================
report_checks --slack_max -0.01
============================================================================
======================= max_ss_100C_1v60 Corner ===================================

No paths found.


===========================================================================
 report_check_types -max_slew -max_cap -max_fanout -violators
============================================================================
======================= max_ss_100C_1v60 Corner ===================================

max slew

Pin                                        Limit        Slew       Slack
------------------------------------------------------------------------
_1702_/S                                1.500000    6.901451   -5.401451 (VIOLATED)
_1573_/S                                1.500000    6.901440   -5.401440 (VIOLATED)
_1790_/S                                1.500000    6.901439   -5.401440 (VIOLATED)
_1777_/S                                1.500000    6.901423   -5.401423 (VIOLATED)
_1648_/S                                1.500000    6.901340   -5.401341 (VIOLATED)
_1821_/S                                1.500000    6.901309   -5.401310 (VIOLATED)
_1194_/S                                1.500000    6.901262   -5.401263 (VIOLATED)
_1833_/S                                1.500000    6.901214   -5.401214 (VIOLATED)
_1437_/S                                1.500000    6.901169   -5.401168 (VIOLATED)
_1189_/S                                1.500000    6.901099   -5.401099 (VIOLATED)
_1660_/S                                1.500000    6.901061   -5.401061 (VIOLATED)
_1738_/S                                1.500000    6.898391   -5.398391 (VIOLATED)
_1674_/S                                1.500000    6.898317   -5.398316 (VIOLATED)
_1849_/S                                1.500000    6.898296   -5.398296 (VIOLATED)
_1228_/S                                1.500000    6.898255   -5.398255 (VIOLATED)
_1762_/S                                1.500000    6.898227   -5.398227 (VIOLATED)
_1363_/S                                1.500000    6.898209   -5.398209 (VIOLATED)
_1263_/S                                1.500000    6.898183   -5.398183 (VIOLATED)
_1715_/S                                1.500000    6.898180   -5.398180 (VIOLATED)
_1186_/S                                1.500000    6.898166   -5.398167 (VIOLATED)
_1801_/S                                1.500000    6.898102   -5.398102 (VIOLATED)
_1751_/S                                1.500000    6.896057   -5.396057 (VIOLATED)
_1224_/S                                1.500000    6.894012   -5.394012 (VIOLATED)
_1388_/S                                1.500000    6.894011   -5.394011 (VIOLATED)
_1557_/S                                1.500000    6.894003   -5.394003 (VIOLATED)
_1858_/S                                1.500000    6.893997   -5.393997 (VIOLATED)
_1198_/S                                1.500000    6.893986   -5.393986 (VIOLATED)
_1179_/S                                1.500000    6.893962   -5.393963 (VIOLATED)
_1227_/S                                1.500000    6.893914   -5.393914 (VIOLATED)
_1808_/S                                1.500000    6.893905   -5.393905 (VIOLATED)
_1486_/S                                1.500000    6.893786   -5.393786 (VIOLATED)
_1686_/S                                1.500000    6.893778   -5.393778 (VIOLATED)
_1718_/S                                1.500000    6.893778   -5.393778 (VIOLATED)
_1434_/S                                1.500000    6.893761   -5.393761 (VIOLATED)
_1181_/S                                1.500000    6.893694   -5.393694 (VIOLATED)
_1134_/S                                1.500000    6.893672   -5.393672 (VIOLATED)
_1176_/S                                1.500000    6.893611   -5.393611 (VIOLATED)
_1119_/Y                                1.496266    6.887585   -5.391319 (VIOLATED)
_1120_/S                                1.500000    6.887629   -5.387628 (VIOLATED)
_1146_/S                                1.500000    6.887628   -5.387628 (VIOLATED)
_1305_/S                                1.500000    6.887626   -5.387626 (VIOLATED)
_1316_/S                                1.500000    6.887630   -5.387629 (VIOLATED)
_1345_/S                                1.500000    6.887630   -5.387629 (VIOLATED)
_1543_/S                                1.500000    6.887630   -5.387630 (VIOLATED)
_1631_/S                                1.500000    6.887630   -5.387630 (VIOLATED)
_1588_/S                                1.500000    6.887623   -5.387623 (VIOLATED)
_1608_/S                                1.500000    6.887619   -5.387619 (VIOLATED)
_1615_/S                                1.500000    6.887604   -5.387604 (VIOLATED)
_1115_/Y                                1.494004    6.216757   -4.722753 (VIOLATED)
_1149_/A1                               1.500000    6.217372   -4.717372 (VIOLATED)
_1319_/A1                               1.500000    6.217360   -4.717360 (VIOLATED)
_1150_/B                                1.500000    6.217342   -4.717342 (VIOLATED)
_1320_/B                                1.500000    6.217332   -4.717331 (VIOLATED)
_1296_/B                                1.500000    6.217324   -4.717324 (VIOLATED)
_1495_/A1                               1.500000    6.217313   -4.717313 (VIOLATED)
_1295_/A1                               1.500000    6.217186   -4.717186 (VIOLATED)
_1393_/A1                               1.500000    6.217184   -4.717183 (VIOLATED)
_1394_/B                                1.500000    6.217184   -4.717183 (VIOLATED)
_1405_/B                                1.500000    6.217182   -4.717182 (VIOLATED)
_1404_/A1                               1.500000    6.217176   -4.717176 (VIOLATED)
_1457_/A1                               1.500000    6.217130   -4.717130 (VIOLATED)
_1123_/A1                               1.500000    6.217113   -4.717113 (VIOLATED)
_1129_/B                                1.500000    6.217107   -4.717107 (VIOLATED)
_1128_/A1                               1.500000    6.217097   -4.717097 (VIOLATED)
_1231_/A1                               1.500000    6.216817   -4.716817 (VIOLATED)
_1249_/A1                               1.500000    6.216814   -4.716814 (VIOLATED)
_1447_/A1                               1.500000    6.216811   -4.716811 (VIOLATED)
_1448_/B                                1.500000    6.216813   -4.716813 (VIOLATED)
_1239_/A1                               1.500000    6.216804   -4.716804 (VIOLATED)
_1512_/A1                               1.500000    6.216804   -4.716804 (VIOLATED)
_1355_/A1                               1.500000    6.216784   -4.716784 (VIOLATED)
_1442_/A1                               1.500000    6.216776   -4.716776 (VIOLATED)
_1265_/A1                               1.500000    6.216757   -4.716757 (VIOLATED)
_1266_/B                                1.500000    6.216757   -4.716757 (VIOLATED)
_2045_/S                                1.500000    5.836467   -4.336466 (VIOLATED)
_2060_/S                                1.500000    5.836467   -4.336466 (VIOLATED)
_2065_/S                                1.500000    5.836459   -4.336459 (VIOLATED)
_2075_/S                                1.500000    5.836458   -4.336458 (VIOLATED)
_2085_/S                                1.500000    5.836445   -4.336445 (VIOLATED)
_2100_/S                                1.500000    5.836447   -4.336447 (VIOLATED)
_2105_/S                                1.500000    5.836446   -4.336446 (VIOLATED)
_2110_/S                                1.500000    5.836442   -4.336442 (VIOLATED)
_2079_/S                                1.500000    5.836438   -4.336438 (VIOLATED)
_2055_/S                                1.500000    5.836432   -4.336432 (VIOLATED)
_2090_/S                                1.500000    5.836435   -4.336435 (VIOLATED)
_2070_/S                                1.500000    5.836422   -4.336422 (VIOLATED)
_2095_/S                                1.500000    5.836401   -4.336401 (VIOLATED)
_2040_/S                                1.500000    5.836375   -4.336375 (VIOLATED)
_2028_/S                                1.500000    5.836337   -4.336337 (VIOLATED)
_2049_/S                                1.500000    5.836331   -4.336331 (VIOLATED)
_2115_/S                                1.500000    5.836315   -4.336316 (VIOLATED)
_2035_/S                                1.500000    5.836294   -4.336294 (VIOLATED)
_2027_/S                                1.500000    5.836279   -4.336279 (VIOLATED)
_2026_/S                                1.500000    5.836234   -4.336234 (VIOLATED)
_2135_/S                                1.500000    5.836085   -4.336085 (VIOLATED)
_2145_/S                                1.500000    5.836052   -4.336052 (VIOLATED)
_2033_/S                                1.500000    5.835824   -4.335824 (VIOLATED)
_2124_/S                                1.500000    5.835791   -4.335792 (VIOLATED)
_2025_/S                                1.500000    5.835738   -4.335738 (VIOLATED)
_1881_/Y                                1.496266    5.830603   -4.334337 (VIOLATED)
_2140_/S                                1.500000    5.833937   -4.333937 (VIOLATED)
_2130_/S                                1.500000    5.833151   -4.333151 (VIOLATED)
_2120_/S                                1.500000    5.832555   -4.332555 (VIOLATED)
_1925_/S                                1.500000    5.831688   -4.331688 (VIOLATED)
_1960_/S                                1.500000    5.831686   -4.331686 (VIOLATED)
_1970_/S                                1.500000    5.831686   -4.331686 (VIOLATED)
_1975_/S                                1.500000    5.831687   -4.331687 (VIOLATED)
_1980_/S                                1.500000    5.831690   -4.331690 (VIOLATED)
_1930_/S                                1.500000    5.831680   -4.331680 (VIOLATED)
_1965_/S                                1.500000    5.831681   -4.331681 (VIOLATED)
_1984_/S                                1.500000    5.831683   -4.331683 (VIOLATED)
_1920_/S                                1.500000    5.831660   -4.331660 (VIOLATED)
_1910_/S                                1.500000    5.831597   -4.331596 (VIOLATED)
_1915_/S                                1.500000    5.831565   -4.331564 (VIOLATED)
_1990_/S                                1.500000    5.831543   -4.331543 (VIOLATED)
_1935_/S                                1.500000    5.831527   -4.331527 (VIOLATED)
_1955_/S                                1.500000    5.831525   -4.331524 (VIOLATED)
_1940_/S                                1.500000    5.831518   -4.331518 (VIOLATED)
_1950_/S                                1.500000    5.831521   -4.331520 (VIOLATED)
_1945_/S                                1.500000    5.831514   -4.331514 (VIOLATED)
_1904_/S                                1.500000    5.831505   -4.331505 (VIOLATED)
_2000_/S                                1.500000    5.831493   -4.331492 (VIOLATED)
_1995_/S                                1.500000    5.831481   -4.331481 (VIOLATED)
_1900_/S                                1.500000    5.831391   -4.331391 (VIOLATED)
_1888_/S                                1.500000    5.831324   -4.331324 (VIOLATED)
_2005_/S                                1.500000    5.831282   -4.331282 (VIOLATED)
_1889_/S                                1.500000    5.831147   -4.331147 (VIOLATED)
_1895_/S                                1.500000    5.831023   -4.331023 (VIOLATED)
_1893_/S                                1.500000    5.830888   -4.330888 (VIOLATED)
_1883_/S                                1.500000    5.830856   -4.330857 (VIOLATED)
_1882_/S                                1.500000    5.830805   -4.330805 (VIOLATED)
_1118_/Y                                1.492525    4.656732   -3.164207 (VIOLATED)
_1149_/A2                               1.500000    4.657353   -3.157353 (VIOLATED)
_1319_/A2                               1.500000    4.657337   -3.157337 (VIOLATED)
_1150_/C                                1.500000    4.657315   -3.157315 (VIOLATED)
_1320_/C                                1.500000    4.657302   -3.157302 (VIOLATED)
_1296_/C                                1.500000    4.657293   -3.157293 (VIOLATED)
_1495_/A2                               1.500000    4.657281   -3.157281 (VIOLATED)
_1393_/A2                               1.500000    4.657225   -3.157225 (VIOLATED)
_1394_/C                                1.500000    4.657225   -3.157225 (VIOLATED)
_1405_/C                                1.500000    4.657223   -3.157223 (VIOLATED)
_1404_/A2                               1.500000    4.657215   -3.157215 (VIOLATED)
_1457_/A2                               1.500000    4.657155   -3.157155 (VIOLATED)
_1123_/A2                               1.500000    4.657132   -3.157132 (VIOLATED)
_1295_/A2                               1.500000    4.657132   -3.157132 (VIOLATED)
_1129_/C                                1.500000    4.657125   -3.157125 (VIOLATED)
_1128_/A2                               1.500000    4.657112   -3.157112 (VIOLATED)
_1231_/A2                               1.500000    4.656877   -3.156877 (VIOLATED)
_1249_/A2                               1.500000    4.656870   -3.156871 (VIOLATED)
_1447_/A2                               1.500000    4.656866   -3.156866 (VIOLATED)
_1448_/C                                1.500000    4.656869   -3.156869 (VIOLATED)
_1239_/A2                               1.500000    4.656852   -3.156852 (VIOLATED)
_1265_/A2                               1.500000    4.656746   -3.156746 (VIOLATED)
_1266_/C                                1.500000    4.656744   -3.156744 (VIOLATED)
_1355_/A2                               1.500000    4.656747   -3.156747 (VIOLATED)
_1512_/A2                               1.500000    4.656744   -3.156744 (VIOLATED)
_1442_/A2                               1.500000    4.656740   -3.156740 (VIOLATED)
_1860_/S                                1.500000    4.511546   -3.011546 (VIOLATED)
_2204_/S                                1.500000    4.511533   -3.011533 (VIOLATED)
_2200_/S                                1.500000    4.511513   -3.011513 (VIOLATED)
_1178_/S                                1.500000    4.511459   -3.011459 (VIOLATED)
_1810_/S                                1.500000    4.511462   -3.011461 (VIOLATED)
_2165_/S                                1.500000    4.511451   -3.011451 (VIOLATED)
_2172_/S                                1.500000    4.511453   -3.011453 (VIOLATED)
_1488_/S                                1.500000    4.511412   -3.011412 (VIOLATED)
_2167_/S                                1.500000    4.511090   -3.011090 (VIOLATED)
_1226_/S                                1.500000    4.511049   -3.011049 (VIOLATED)
_1288_/S                                1.500000    4.511027   -3.011027 (VIOLATED)
_2166_/S                                1.500000    4.511014   -3.011014 (VIOLATED)
_1688_/S                                1.500000    4.510183   -3.010183 (VIOLATED)
_1436_/S                                1.500000    4.509701   -3.009701 (VIOLATED)
_2186_/A1                               1.500000    4.509328   -3.009328 (VIOLATED)
_1390_/S                                1.500000    4.509323   -3.009323 (VIOLATED)
_2185_/B                                1.500000    4.509315   -3.009315 (VIOLATED)
_2169_/S                                1.500000    4.509219   -3.009219 (VIOLATED)
_2170_/B                                1.500000    4.508720   -3.008720 (VIOLATED)
_2171_/A1                               1.500000    4.508601   -3.008601 (VIOLATED)
_1617_/S                                1.500000    4.507996   -3.007996 (VIOLATED)
_2178_/S                                1.500000    4.507983   -3.007983 (VIOLATED)
_1590_/S                                1.500000    4.507950   -3.007950 (VIOLATED)
_2177_/S                                1.500000    4.507939   -3.007940 (VIOLATED)
_1610_/S                                1.500000    4.507925   -3.007925 (VIOLATED)
_2176_/S                                1.500000    4.507916   -3.007916 (VIOLATED)
_1728_/S                                1.500000    4.507909   -3.007909 (VIOLATED)
_2168_/S                                1.500000    4.507890   -3.007890 (VIOLATED)
_2173_/S                                1.500000    4.507891   -3.007891 (VIOLATED)
_1347_/S                                1.500000    4.507856   -3.007857 (VIOLATED)
_1545_/S                                1.500000    4.507822   -3.007822 (VIOLATED)
_1633_/S                                1.500000    4.507792   -3.007792 (VIOLATED)
_2180_/A1                               1.500000    4.507785   -3.007785 (VIOLATED)
_2179_/B                                1.500000    4.507780   -3.007780 (VIOLATED)
_1764_/S                                1.500000    4.507731   -3.007732 (VIOLATED)
_1803_/S                                1.500000    4.507734   -3.007734 (VIOLATED)
_2199_/S                                1.500000    4.507733   -3.007734 (VIOLATED)
_2203_/S                                1.500000    4.507734   -3.007734 (VIOLATED)
_1851_/B                                1.500000    4.507729   -3.007729 (VIOLATED)
_2189_/S                                1.500000    4.507725   -3.007725 (VIOLATED)
_2195_/S                                1.500000    4.507725   -3.007725 (VIOLATED)
_1717_/S                                1.500000    4.507710   -3.007710 (VIOLATED)
_1852_/A1                               1.500000    4.507702   -3.007702 (VIOLATED)
_1676_/S                                1.500000    4.507652   -3.007652 (VIOLATED)
_1559_/S                                1.500000    4.507614   -3.007614 (VIOLATED)
_2184_/S                                1.500000    4.507517   -3.007517 (VIOLATED)
_2174_/S                                1.500000    4.507383   -3.007384 (VIOLATED)
_2191_/B                                1.500000    4.507324   -3.007324 (VIOLATED)
_2193_/B                                1.500000    4.507278   -3.007278 (VIOLATED)
_2194_/A1                               1.500000    4.507275   -3.007275 (VIOLATED)
_2192_/A1                               1.500000    4.507261   -3.007261 (VIOLATED)
_1780_/A1                               1.500000    4.507153   -3.007153 (VIOLATED)
_1765_/B                                1.500000    4.507112   -3.007112 (VIOLATED)
_1740_/S                                1.500000    4.506772   -3.006772 (VIOLATED)
_1753_/S                                1.500000    4.506422   -3.006422 (VIOLATED)
_2190_/S                                1.500000    4.506413   -3.006413 (VIOLATED)
_1662_/S                                1.500000    4.506296   -3.006296 (VIOLATED)
_1823_/S                                1.500000    4.506291   -3.006291 (VIOLATED)
_2183_/S                                1.500000    4.506294   -3.006294 (VIOLATED)
_2202_/S                                1.500000    4.506296   -3.006296 (VIOLATED)
_1835_/S                                1.500000    4.506287   -3.006287 (VIOLATED)
_2201_/S                                1.500000    4.506287   -3.006287 (VIOLATED)
_2175_/S                                1.500000    4.506278   -3.006278 (VIOLATED)
_1575_/S                                1.500000    4.506270   -3.006271 (VIOLATED)
_1650_/S                                1.500000    4.506254   -3.006254 (VIOLATED)
_1792_/S                                1.500000    4.506114   -3.006114 (VIOLATED)
_2182_/A1                               1.500000    4.506017   -3.006017 (VIOLATED)
_2188_/A1                               1.500000    4.506019   -3.006019 (VIOLATED)
_1704_/S                                1.500000    4.506001   -3.006001 (VIOLATED)
_2196_/S                                1.500000    4.505991   -3.005991 (VIOLATED)
_2181_/B                                1.500000    4.505979   -3.005979 (VIOLATED)
_2187_/B                                1.500000    4.505951   -3.005951 (VIOLATED)
_2198_/A1                               1.500000    4.505938   -3.005938 (VIOLATED)
_1112_/B                                1.500000    4.505888   -3.005888 (VIOLATED)
_2197_/B                                1.500000    4.505884   -3.005884 (VIOLATED)
_1111_/X                                1.504590    4.505863   -3.001273 (VIOLATED)
_2073_/S                                1.500000    2.754837   -1.254837 (VIOLATED)
_2058_/S                                1.500000    2.754832   -1.254832 (VIOLATED)
_2088_/S                                1.500000    2.754813   -1.254813 (VIOLATED)
_2078_/S                                1.500000    2.754809   -1.254809 (VIOLATED)
_2068_/S                                1.500000    2.754644   -1.254644 (VIOLATED)
_2053_/S                                1.500000    2.754555   -1.254555 (VIOLATED)
_2038_/S                                1.500000    2.754540   -1.254540 (VIOLATED)
_2113_/S                                1.500000    2.754481   -1.254481 (VIOLATED)
_2098_/S                                1.500000    2.754477   -1.254477 (VIOLATED)
_2156_/S                                1.500000    2.754393   -1.254393 (VIOLATED)
_2093_/S                                1.500000    2.754386   -1.254386 (VIOLATED)
_2128_/S                                1.500000    2.754342   -1.254342 (VIOLATED)
_2083_/S                                1.500000    2.754337   -1.254337 (VIOLATED)
_2108_/S                                1.500000    2.754319   -1.254320 (VIOLATED)
_2048_/S                                1.500000    2.754297   -1.254298 (VIOLATED)
_2043_/S                                1.500000    2.754285   -1.254285 (VIOLATED)
_2063_/S                                1.500000    2.754276   -1.254276 (VIOLATED)
_2160_/S                                1.500000    2.754271   -1.254271 (VIOLATED)
_2123_/S                                1.500000    2.754264   -1.254264 (VIOLATED)
_2103_/S                                1.500000    2.754254   -1.254254 (VIOLATED)
_2148_/S                                1.500000    2.754222   -1.254222 (VIOLATED)
_2118_/S                                1.500000    2.754220   -1.254220 (VIOLATED)
_2138_/S                                1.500000    2.753983   -1.253983 (VIOLATED)
_2032_/S                                1.500000    2.753682   -1.253682 (VIOLATED)
_2164_/S                                1.500000    2.753449   -1.253449 (VIOLATED)
_2152_/S                                1.500000    2.750961   -1.250961 (VIOLATED)
_2143_/S                                1.500000    2.749882   -1.249882 (VIOLATED)
_2133_/S                                1.500000    2.749459   -1.249459 (VIOLATED)
_1943_/S                                1.500000    2.745308   -1.245308 (VIOLATED)
_1998_/S                                1.500000    2.745305   -1.245305 (VIOLATED)
_1988_/S                                1.500000    2.745295   -1.245295 (VIOLATED)
_1993_/S                                1.500000    2.745277   -1.245278 (VIOLATED)
_1983_/S                                1.500000    2.745257   -1.245257 (VIOLATED)
_1938_/S                                1.500000    2.745240   -1.245240 (VIOLATED)
_1973_/S                                1.500000    2.745212   -1.245212 (VIOLATED)
_1978_/S                                1.500000    2.745183   -1.245183 (VIOLATED)
_1933_/S                                1.500000    2.745165   -1.245165 (VIOLATED)
_1948_/S                                1.500000    2.745047   -1.245047 (VIOLATED)
_1968_/S                                1.500000    2.744973   -1.244974 (VIOLATED)
_1963_/S                                1.500000    2.744949   -1.244949 (VIOLATED)
_1923_/S                                1.500000    2.744902   -1.244902 (VIOLATED)
_1953_/S                                1.500000    2.744891   -1.244891 (VIOLATED)
_1928_/S                                1.500000    2.744888   -1.244888 (VIOLATED)
_2003_/S                                1.500000    2.744878   -1.244878 (VIOLATED)
_1918_/S                                1.500000    2.744853   -1.244853 (VIOLATED)
_1958_/S                                1.500000    2.744817   -1.244818 (VIOLATED)
_2012_/S                                1.500000    2.744784   -1.244784 (VIOLATED)
_2008_/S                                1.500000    2.744687   -1.244687 (VIOLATED)
_1903_/S                                1.500000    2.744451   -1.244451 (VIOLATED)
_1913_/S                                1.500000    2.744349   -1.244349 (VIOLATED)
_2016_/S                                1.500000    2.744211   -1.244211 (VIOLATED)
_1908_/S                                1.500000    2.744069   -1.244069 (VIOLATED)
_1891_/B1_N                             1.500000    2.743900   -1.243900 (VIOLATED)
_1892_/A2                               1.500000    2.743773   -1.243773 (VIOLATED)
_1898_/S                                1.500000    2.743756   -1.243756 (VIOLATED)
_2024_/S                                1.500000    2.743595   -1.243595 (VIOLATED)
_2020_/S                                1.500000    2.743357   -1.243357 (VIOLATED)
_1886_/X                                1.504590    2.742471   -1.237881 (VIOLATED)
_1117_/X                                1.483658    2.591871   -1.108213 (VIOLATED)
_2071_/S                                1.500000    2.596622   -1.096623 (VIOLATED)
_2076_/S                                1.500000    2.596619   -1.096619 (VIOLATED)
_2086_/S                                1.500000    2.596600   -1.096600 (VIOLATED)
_2081_/S                                1.500000    2.596578   -1.096578 (VIOLATED)
_2091_/S                                1.500000    2.596546   -1.096546 (VIOLATED)
_2096_/S                                1.500000    2.596534   -1.096534 (VIOLATED)
_2061_/S                                1.500000    2.596498   -1.096498 (VIOLATED)
_2066_/S                                1.500000    2.596493   -1.096494 (VIOLATED)
_2056_/S                                1.500000    2.596492   -1.096492 (VIOLATED)
_2101_/S                                1.500000    2.596481   -1.096481 (VIOLATED)
_2051_/S                                1.500000    2.596452   -1.096452 (VIOLATED)
_2111_/S                                1.500000    2.596445   -1.096445 (VIOLATED)
_2106_/S                                1.500000    2.596438   -1.096438 (VIOLATED)
_2046_/S                                1.500000    2.596410   -1.096410 (VIOLATED)
_2041_/S                                1.500000    2.596387   -1.096387 (VIOLATED)
_2036_/S                                1.500000    2.596341   -1.096341 (VIOLATED)
_2116_/S                                1.500000    2.596253   -1.096253 (VIOLATED)
_2030_/S                                1.500000    2.596210   -1.096210 (VIOLATED)
_2158_/S                                1.500000    2.596142   -1.096142 (VIOLATED)
_2121_/S                                1.500000    2.596138   -1.096138 (VIOLATED)
_2162_/S                                1.500000    2.596139   -1.096139 (VIOLATED)
_2154_/S                                1.500000    2.596054   -1.096054 (VIOLATED)
_2126_/S                                1.500000    2.595980   -1.095980 (VIOLATED)
_2146_/S                                1.500000    2.595809   -1.095809 (VIOLATED)
_2150_/S                                1.500000    2.595785   -1.095785 (VIOLATED)
_2136_/S                                1.500000    2.595749   -1.095749 (VIOLATED)
_2131_/S                                1.500000    2.595491   -1.095492 (VIOLATED)
_2141_/S                                1.500000    2.595055   -1.095055 (VIOLATED)
_1496_/C                                1.500000    2.593628   -1.093628 (VIOLATED)
_1119_/B                                1.500000    2.593494   -1.093494 (VIOLATED)
_1124_/C                                1.500000    2.592525   -1.092525 (VIOLATED)
_1458_/C                                1.500000    2.592360   -1.092360 (VIOLATED)
_1250_/C                                1.500000    2.591964   -1.091965 (VIOLATED)
_1232_/C                                1.500000    2.591963   -1.091963 (VIOLATED)
_1240_/C                                1.500000    2.591959   -1.091959 (VIOLATED)
_1443_/C                                1.500000    2.591937   -1.091937 (VIOLATED)
_1513_/C                                1.500000    2.591908   -1.091908 (VIOLATED)
_1356_/C                                1.500000    2.591871   -1.091871 (VIOLATED)
_1986_/S                                1.500000    2.590091   -1.090091 (VIOLATED)
_1981_/S                                1.500000    2.590087   -1.090087 (VIOLATED)
_1976_/S                                1.500000    2.590080   -1.090080 (VIOLATED)
_1971_/S                                1.500000    2.590070   -1.090070 (VIOLATED)
_1966_/S                                1.500000    2.590044   -1.090044 (VIOLATED)
_1961_/S                                1.500000    2.590017   -1.090017 (VIOLATED)
_1956_/S                                1.500000    2.589970   -1.089970 (VIOLATED)
_1936_/S                                1.500000    2.589964   -1.089964 (VIOLATED)
_1931_/S                                1.500000    2.589962   -1.089962 (VIOLATED)
_1991_/S                                1.500000    2.589962   -1.089962 (VIOLATED)
_1946_/S                                1.500000    2.589959   -1.089959 (VIOLATED)
_1941_/S                                1.500000    2.589953   -1.089953 (VIOLATED)
_1951_/S                                1.500000    2.589944   -1.089944 (VIOLATED)
_1921_/S                                1.500000    2.589935   -1.089935 (VIOLATED)
_1926_/S                                1.500000    2.589935   -1.089935 (VIOLATED)
_1996_/S                                1.500000    2.589915   -1.089915 (VIOLATED)
_1916_/S                                1.500000    2.589875   -1.089875 (VIOLATED)
_2001_/S                                1.500000    2.589799   -1.089799 (VIOLATED)
_1911_/S                                1.500000    2.589700   -1.089700 (VIOLATED)
_1906_/S                                1.500000    2.589519   -1.089519 (VIOLATED)
_2006_/S                                1.500000    2.589490   -1.089491 (VIOLATED)
_1901_/S                                1.500000    2.589384   -1.089384 (VIOLATED)
_2010_/S                                1.500000    2.589318   -1.089318 (VIOLATED)
_1896_/S                                1.500000    2.589131   -1.089131 (VIOLATED)
_1890_/S                                1.500000    2.589093   -1.089094 (VIOLATED)
_2014_/S                                1.500000    2.589037   -1.089037 (VIOLATED)
_2022_/S                                1.500000    2.588944   -1.088944 (VIOLATED)
_2018_/S                                1.500000    2.588814   -1.088814 (VIOLATED)
_1887_/X                                1.504415    2.587789   -1.083374 (VIOLATED)
_2097_/S                                1.500000    2.537154   -1.037154 (VIOLATED)
_2112_/S                                1.500000    2.537142   -1.037142 (VIOLATED)
_2107_/S                                1.500000    2.537136   -1.037136 (VIOLATED)
_2082_/S                                1.500000    2.537111   -1.037111 (VIOLATED)
_2092_/S                                1.500000    2.537106   -1.037106 (VIOLATED)
_2087_/S                                1.500000    2.537044   -1.037044 (VIOLATED)
_2072_/S                                1.500000    2.537043   -1.037043 (VIOLATED)
_2077_/S                                1.500000    2.537034   -1.037034 (VIOLATED)
_2057_/S                                1.500000    2.537007   -1.037007 (VIOLATED)
_2062_/S                                1.500000    2.536988   -1.036988 (VIOLATED)
_2067_/S                                1.500000    2.536967   -1.036967 (VIOLATED)
_2102_/S                                1.500000    2.536926   -1.036926 (VIOLATED)
_2122_/S                                1.500000    2.536909   -1.036909 (VIOLATED)
_2117_/S                                1.500000    2.536901   -1.036901 (VIOLATED)
_2052_/S                                1.500000    2.536866   -1.036866 (VIOLATED)
_2127_/S                                1.500000    2.536827   -1.036827 (VIOLATED)
_2042_/S                                1.500000    2.536823   -1.036823 (VIOLATED)
_2137_/S                                1.500000    2.536743   -1.036743 (VIOLATED)
_2142_/S                                1.500000    2.536707   -1.036707 (VIOLATED)
_2151_/S                                1.500000    2.536705   -1.036705 (VIOLATED)
_2159_/S                                1.500000    2.536678   -1.036678 (VIOLATED)
_2031_/S                                1.500000    2.536674   -1.036674 (VIOLATED)
_2132_/S                                1.500000    2.536658   -1.036658 (VIOLATED)
_2047_/S                                1.500000    2.536651   -1.036651 (VIOLATED)
_2037_/S                                1.500000    2.536643   -1.036643 (VIOLATED)
_2163_/S                                1.500000    2.536622   -1.036622 (VIOLATED)
_2147_/S                                1.500000    2.536554   -1.036554 (VIOLATED)
_2155_/S                                1.500000    2.536319   -1.036319 (VIOLATED)
_1982_/S                                1.500000    2.530545   -1.030545 (VIOLATED)
_1987_/S                                1.500000    2.530544   -1.030544 (VIOLATED)
_1972_/S                                1.500000    2.530541   -1.030541 (VIOLATED)
_1992_/S                                1.500000    2.530540   -1.030540 (VIOLATED)
_1977_/S                                1.500000    2.530538   -1.030538 (VIOLATED)
_1937_/S                                1.500000    2.530508   -1.030508 (VIOLATED)
_1942_/S                                1.500000    2.530501   -1.030501 (VIOLATED)
_1997_/S                                1.500000    2.530501   -1.030501 (VIOLATED)
_1932_/S                                1.500000    2.530451   -1.030451 (VIOLATED)
_1947_/S                                1.500000    2.530350   -1.030350 (VIOLATED)
_1967_/S                                1.500000    2.530284   -1.030284 (VIOLATED)
_1962_/S                                1.500000    2.530280   -1.030280 (VIOLATED)
_1952_/S                                1.500000    2.530237   -1.030237 (VIOLATED)
_1957_/S                                1.500000    2.530221   -1.030221 (VIOLATED)
_2007_/S                                1.500000    2.529966   -1.029966 (VIOLATED)
_2011_/S                                1.500000    2.529876   -1.029876 (VIOLATED)
_1922_/S                                1.500000    2.529862   -1.029862 (VIOLATED)
_1927_/S                                1.500000    2.529862   -1.029862 (VIOLATED)
_2002_/S                                1.500000    2.529855   -1.029856 (VIOLATED)
_1917_/S                                1.500000    2.529823   -1.029823 (VIOLATED)
_1912_/S                                1.500000    2.529661   -1.029662 (VIOLATED)
_1902_/S                                1.500000    2.529385   -1.029385 (VIOLATED)
_2015_/S                                1.500000    2.529386   -1.029386 (VIOLATED)
_1907_/S                                1.500000    2.529332   -1.029332 (VIOLATED)
_1891_/A1                               1.500000    2.528981   -1.028981 (VIOLATED)
_1897_/S                                1.500000    2.528929   -1.028929 (VIOLATED)
_2023_/S                                1.500000    2.528825   -1.028825 (VIOLATED)
_2019_/S                                1.500000    2.528726   -1.028726 (VIOLATED)
_1884_/B1_N                             1.500000    2.528671   -1.028671 (VIOLATED)
_2237_/Q                                1.499801    2.526648   -1.026847 (VIOLATED)
_1881_/A                                1.500000    2.526785   -1.026785 (VIOLATED)
_1886_/A                                1.500000    2.526757   -1.026757 (VIOLATED)
_1111_/A                                1.500000    2.526662   -1.026662 (VIOLATED)
_1866_/A0                               1.500000    2.526648   -1.026648 (VIOLATED)
_2094_/S                                1.500000    2.221010   -0.721010 (VIOLATED)
_2089_/S                                1.500000    2.221000   -0.721000 (VIOLATED)
_2080_/S                                1.500000    2.220984   -0.720984 (VIOLATED)
_2084_/S                                1.500000    2.220973   -0.720973 (VIOLATED)
_2074_/S                                1.500000    2.220958   -0.720958 (VIOLATED)
_2069_/S                                1.500000    2.220956   -0.720956 (VIOLATED)
_2064_/S                                1.500000    2.220873   -0.720873 (VIOLATED)
_2059_/S                                1.500000    2.220847   -0.720847 (VIOLATED)
_2054_/S                                1.500000    2.220826   -0.720826 (VIOLATED)
_2050_/S                                1.500000    2.220692   -0.720692 (VIOLATED)
_2099_/S                                1.500000    2.220675   -0.720676 (VIOLATED)
_2109_/S                                1.500000    2.220676   -0.720676 (VIOLATED)
_2104_/S                                1.500000    2.220669   -0.720669 (VIOLATED)
_2114_/S                                1.500000    2.220633   -0.720633 (VIOLATED)
_2119_/S                                1.500000    2.220617   -0.720617 (VIOLATED)
_2125_/S                                1.500000    2.220565   -0.720565 (VIOLATED)
_2129_/S                                1.500000    2.220405   -0.720405 (VIOLATED)
_2034_/S                                1.500000    2.220400   -0.720400 (VIOLATED)
_2134_/S                                1.500000    2.220382   -0.720382 (VIOLATED)
_2139_/S                                1.500000    2.220213   -0.720213 (VIOLATED)
_2149_/S                                1.500000    2.220206   -0.720206 (VIOLATED)
_2144_/S                                1.500000    2.220126   -0.720126 (VIOLATED)
_2157_/S                                1.500000    2.220047   -0.720047 (VIOLATED)
_2153_/S                                1.500000    2.219872   -0.719872 (VIOLATED)
_1985_/S                                1.500000    2.215301   -0.715301 (VIOLATED)
_1989_/S                                1.500000    2.215301   -0.715301 (VIOLATED)
_1994_/S                                1.500000    2.215292   -0.715292 (VIOLATED)
_1979_/S                                1.500000    2.215286   -0.715286 (VIOLATED)
_1974_/S                                1.500000    2.215280   -0.715280 (VIOLATED)
_1969_/S                                1.500000    2.215271   -0.715271 (VIOLATED)
_1944_/S                                1.500000    2.215266   -0.715266 (VIOLATED)
_1949_/S                                1.500000    2.215236   -0.715236 (VIOLATED)
_1954_/S                                1.500000    2.215207   -0.715207 (VIOLATED)
_1964_/S                                1.500000    2.215208   -0.715208 (VIOLATED)
_1959_/S                                1.500000    2.215206   -0.715206 (VIOLATED)
_1939_/S                                1.500000    2.215147   -0.715147 (VIOLATED)
_1934_/S                                1.500000    2.215144   -0.715144 (VIOLATED)
_1999_/S                                1.500000    2.215142   -0.715142 (VIOLATED)
_2004_/S                                1.500000    2.215141   -0.715141 (VIOLATED)
_1929_/S                                1.500000    2.215127   -0.715128 (VIOLATED)
_1924_/S                                1.500000    2.215026   -0.715026 (VIOLATED)
_1919_/S                                1.500000    2.214918   -0.714918 (VIOLATED)
_2009_/S                                1.500000    2.214874   -0.714874 (VIOLATED)
_1914_/S                                1.500000    2.214687   -0.714687 (VIOLATED)
_2013_/S                                1.500000    2.214641   -0.714641 (VIOLATED)
_1909_/S                                1.500000    2.214515   -0.714515 (VIOLATED)
_2017_/S                                1.500000    2.214378   -0.714378 (VIOLATED)
_1894_/S                                1.500000    2.214062   -0.714062 (VIOLATED)
_1885_/A1                               1.500000    2.214022   -0.714022 (VIOLATED)
_1880_/X                                1.501128    2.213206   -0.712077 (VIOLATED)
_1879_/Y                                1.488284    1.801939   -0.313655 (VIOLATED)
_2161_/S                                1.500000    1.802624   -0.302624 (VIOLATED)
_2029_/S                                1.500000    1.802622   -0.302622 (VIOLATED)
_2039_/S                                1.500000    1.802611   -0.302611 (VIOLATED)
_2044_/S                                1.500000    1.802604   -0.302604 (VIOLATED)
_1905_/S                                1.500000    1.801992   -0.301992 (VIOLATED)
_1899_/S                                1.500000    1.801991   -0.301991 (VIOLATED)
_2021_/S                                1.500000    1.801991   -0.301991 (VIOLATED)
_1884_/A1                               1.500000    1.801985   -0.301985 (VIOLATED)
_1437_/X                                1.494952    1.619124   -0.124172 (VIOLATED)
_1510_/B                                1.500000    1.623780   -0.123780 (VIOLATED)
_1511_/B                                1.500000    1.623779   -0.123779 (VIOLATED)
_1438_/B                                1.500000    1.621394   -0.121394 (VIOLATED)
_2183_/A1                               1.500000    1.619130   -0.119131 (VIOLATED)
clk                                     1.498289    1.592751   -0.094462 (VIOLATED)
_2205_/CLK                              1.500000    1.592751   -0.092751 (VIOLATED)
_2206_/CLK                              1.500000    1.592751   -0.092751 (VIOLATED)
_2207_/CLK                              1.500000    1.592751   -0.092751 (VIOLATED)
_2208_/CLK                              1.500000    1.592751   -0.092751 (VIOLATED)
_2209_/CLK                              1.500000    1.592751   -0.092751 (VIOLATED)
_2210_/CLK                              1.500000    1.592751   -0.092751 (VIOLATED)
_2211_/CLK                              1.500000    1.592751   -0.092751 (VIOLATED)
_2212_/CLK                              1.500000    1.592751   -0.092751 (VIOLATED)
_2213_/CLK                              1.500000    1.592751   -0.092751 (VIOLATED)
_2214_/CLK                              1.500000    1.592751   -0.092751 (VIOLATED)
_2215_/CLK                              1.500000    1.592751   -0.092751 (VIOLATED)
_2216_/CLK                              1.500000    1.592751   -0.092751 (VIOLATED)
_2217_/CLK                              1.500000    1.592751   -0.092751 (VIOLATED)
_2218_/CLK                              1.500000    1.592751   -0.092751 (VIOLATED)
_2219_/CLK                              1.500000    1.592751   -0.092751 (VIOLATED)
_2220_/CLK                              1.500000    1.592751   -0.092751 (VIOLATED)
_2221_/CLK                              1.500000    1.592751   -0.092751 (VIOLATED)
_2222_/CLK                              1.500000    1.592751   -0.092751 (VIOLATED)
_2223_/CLK                              1.500000    1.592751   -0.092751 (VIOLATED)
_2224_/CLK                              1.500000    1.592751   -0.092751 (VIOLATED)
_2225_/CLK                              1.500000    1.592751   -0.092751 (VIOLATED)
_2226_/CLK                              1.500000    1.592751   -0.092751 (VIOLATED)
_2227_/CLK                              1.500000    1.592751   -0.092751 (VIOLATED)
_2228_/CLK                              1.500000    1.592751   -0.092751 (VIOLATED)
_2229_/CLK                              1.500000    1.592751   -0.092751 (VIOLATED)
_2230_/CLK                              1.500000    1.592751   -0.092751 (VIOLATED)
_2231_/CLK                              1.500000    1.592751   -0.092751 (VIOLATED)
_2232_/CLK                              1.500000    1.592751   -0.092751 (VIOLATED)
_2233_/CLK                              1.500000    1.592751   -0.092751 (VIOLATED)
_2234_/CLK                              1.500000    1.592751   -0.092751 (VIOLATED)
_2235_/CLK                              1.500000    1.592751   -0.092751 (VIOLATED)
_2236_/CLK                              1.500000    1.592751   -0.092751 (VIOLATED)
_2237_/CLK                              1.500000    1.592751   -0.092751 (VIOLATED)
_2238_/CLK                              1.500000    1.592751   -0.092751 (VIOLATED)
_2239_/CLK                              1.500000    1.592751   -0.092751 (VIOLATED)
_2240_/CLK                              1.500000    1.592751   -0.092751 (VIOLATED)
_2241_/CLK                              1.500000    1.592751   -0.092751 (VIOLATED)
_2242_/CLK                              1.500000    1.592751   -0.092751 (VIOLATED)
_2243_/CLK                              1.500000    1.592751   -0.092751 (VIOLATED)
_2244_/CLK                              1.500000    1.592751   -0.092751 (VIOLATED)
_2245_/CLK                              1.500000    1.592751   -0.092751 (VIOLATED)
_2246_/CLK                              1.500000    1.592751   -0.092751 (VIOLATED)
_2247_/CLK                              1.500000    1.592751   -0.092751 (VIOLATED)
_2248_/CLK                              1.500000    1.592751   -0.092751 (VIOLATED)
_2249_/CLK                              1.500000    1.592751   -0.092751 (VIOLATED)
_2250_/CLK                              1.500000    1.592751   -0.092751 (VIOLATED)
_2251_/CLK                              1.500000    1.592751   -0.092751 (VIOLATED)
_2252_/CLK                              1.500000    1.592751   -0.092751 (VIOLATED)
_2253_/CLK                              1.500000    1.592751   -0.092751 (VIOLATED)
_2254_/CLK                              1.500000    1.592751   -0.092751 (VIOLATED)
_2255_/CLK                              1.500000    1.592751   -0.092751 (VIOLATED)
_2256_/CLK                              1.500000    1.592751   -0.092751 (VIOLATED)
_2257_/CLK                              1.500000    1.592751   -0.092751 (VIOLATED)
_2258_/CLK                              1.500000    1.592751   -0.092751 (VIOLATED)
_2259_/CLK                              1.500000    1.592751   -0.092751 (VIOLATED)
_2260_/CLK                              1.500000    1.592751   -0.092751 (VIOLATED)
_2261_/CLK                              1.500000    1.592751   -0.092751 (VIOLATED)
_2262_/CLK                              1.500000    1.592751   -0.092751 (VIOLATED)
_2263_/CLK                              1.500000    1.592751   -0.092751 (VIOLATED)
_2264_/CLK                              1.500000    1.592751   -0.092751 (VIOLATED)
_2265_/CLK                              1.500000    1.592751   -0.092751 (VIOLATED)
_2266_/CLK                              1.500000    1.592751   -0.092751 (VIOLATED)
_2267_/CLK                              1.500000    1.592751   -0.092751 (VIOLATED)
_2268_/CLK                              1.500000    1.592751   -0.092751 (VIOLATED)
_2269_/CLK                              1.500000    1.592751   -0.092751 (VIOLATED)
_2270_/CLK                              1.500000    1.592751   -0.092751 (VIOLATED)
_2271_/CLK                              1.500000    1.592751   -0.092751 (VIOLATED)
_2272_/CLK                              1.500000    1.592751   -0.092751 (VIOLATED)
_2273_/CLK                              1.500000    1.592751   -0.092751 (VIOLATED)
_2274_/CLK                              1.500000    1.592751   -0.092751 (VIOLATED)
_2275_/CLK                              1.500000    1.592751   -0.092751 (VIOLATED)
_2276_/CLK                              1.500000    1.592751   -0.092751 (VIOLATED)
_2277_/CLK                              1.500000    1.592751   -0.092751 (VIOLATED)
_2278_/CLK                              1.500000    1.592751   -0.092751 (VIOLATED)
_2279_/CLK                              1.500000    1.592751   -0.092751 (VIOLATED)
_2280_/CLK                              1.500000    1.592751   -0.092751 (VIOLATED)
_2281_/CLK                              1.500000    1.592751   -0.092751 (VIOLATED)
_2282_/CLK                              1.500000    1.592751   -0.092751 (VIOLATED)
_2283_/CLK                              1.500000    1.592751   -0.092751 (VIOLATED)
_2284_/CLK                              1.500000    1.592751   -0.092751 (VIOLATED)
_2285_/CLK                              1.500000    1.592751   -0.092751 (VIOLATED)
_2286_/CLK                              1.500000    1.592751   -0.092751 (VIOLATED)
_2287_/CLK                              1.500000    1.592751   -0.092751 (VIOLATED)
_2288_/CLK                              1.500000    1.592751   -0.092751 (VIOLATED)
_2289_/CLK                              1.500000    1.592751   -0.092751 (VIOLATED)
_2290_/CLK                              1.500000    1.592751   -0.092751 (VIOLATED)
_2291_/CLK                              1.500000    1.592751   -0.092751 (VIOLATED)
_2292_/CLK                              1.500000    1.592751   -0.092751 (VIOLATED)
_2293_/CLK                              1.500000    1.592751   -0.092751 (VIOLATED)
_2294_/CLK                              1.500000    1.592751   -0.092751 (VIOLATED)
_2295_/CLK                              1.500000    1.592751   -0.092751 (VIOLATED)
_2296_/CLK                              1.500000    1.592751   -0.092751 (VIOLATED)
_2297_/CLK                              1.500000    1.592751   -0.092751 (VIOLATED)
_2298_/CLK                              1.500000    1.592751   -0.092751 (VIOLATED)
_2299_/CLK                              1.500000    1.592751   -0.092751 (VIOLATED)
_2300_/CLK                              1.500000    1.592751   -0.092751 (VIOLATED)
_2301_/CLK                              1.500000    1.592751   -0.092751 (VIOLATED)
_2302_/CLK                              1.500000    1.592751   -0.092751 (VIOLATED)
_2303_/CLK                              1.500000    1.592751   -0.092751 (VIOLATED)
_2304_/CLK                              1.500000    1.592751   -0.092751 (VIOLATED)
_2305_/CLK                              1.500000    1.592751   -0.092751 (VIOLATED)
_2306_/CLK                              1.500000    1.592751   -0.092751 (VIOLATED)
_2307_/CLK                              1.500000    1.592751   -0.092751 (VIOLATED)
_2308_/CLK                              1.500000    1.592751   -0.092751 (VIOLATED)
_2309_/CLK                              1.500000    1.592751   -0.092751 (VIOLATED)
_2310_/CLK                              1.500000    1.592751   -0.092751 (VIOLATED)
_2311_/CLK                              1.500000    1.592751   -0.092751 (VIOLATED)
_2312_/CLK                              1.500000    1.592751   -0.092751 (VIOLATED)
_2313_/CLK                              1.500000    1.592751   -0.092751 (VIOLATED)
_2314_/CLK                              1.500000    1.592751   -0.092751 (VIOLATED)
_2315_/CLK                              1.500000    1.592751   -0.092751 (VIOLATED)
_2316_/CLK                              1.500000    1.592751   -0.092751 (VIOLATED)
_2317_/CLK                              1.500000    1.592751   -0.092751 (VIOLATED)
_2318_/CLK                              1.500000    1.592751   -0.092751 (VIOLATED)
_2319_/CLK                              1.500000    1.592751   -0.092751 (VIOLATED)
_2320_/CLK                              1.500000    1.592751   -0.092751 (VIOLATED)
_2321_/CLK                              1.500000    1.592751   -0.092751 (VIOLATED)
_2322_/CLK                              1.500000    1.592751   -0.092751 (VIOLATED)
_2323_/CLK                              1.500000    1.592751   -0.092751 (VIOLATED)
_2324_/CLK                              1.500000    1.592751   -0.092751 (VIOLATED)
_2325_/CLK                              1.500000    1.592751   -0.092751 (VIOLATED)
_2326_/CLK                              1.500000    1.592751   -0.092751 (VIOLATED)
_2327_/CLK                              1.500000    1.592751   -0.092751 (VIOLATED)
_2328_/CLK                              1.500000    1.592751   -0.092751 (VIOLATED)
_2329_/CLK                              1.500000    1.592751   -0.092751 (VIOLATED)
_2330_/CLK                              1.500000    1.592751   -0.092751 (VIOLATED)
_2331_/CLK                              1.500000    1.592751   -0.092751 (VIOLATED)
_2332_/CLK                              1.500000    1.592751   -0.092751 (VIOLATED)
_2333_/CLK                              1.500000    1.592751   -0.092751 (VIOLATED)
_1449_/Y                                1.496266    1.542332   -0.046066 (VIOLATED)
_1491_/B                                1.500000    1.543111   -0.043111 (VIOLATED)
_2184_/A1                               1.500000    1.542342   -0.042342 (VIOLATED)

max fanout

Pin                                   Limit Fanout  Slack
---------------------------------------------------------
clk                                      10    129   -119 (VIOLATED)
_1111_/X                                 10     75    -65 (VIOLATED)
_2237_/Q                                 10     61    -51 (VIOLATED)
_1886_/X                                 10     57    -47 (VIOLATED)
_1881_/Y                                 10     56    -46 (VIOLATED)
_1887_/X                                 10     56    -46 (VIOLATED)
_1880_/X                                 10     49    -39 (VIOLATED)
_1119_/Y                                 10     47    -37 (VIOLATED)
_1115_/Y                                 10     25    -15 (VIOLATED)
_1118_/Y                                 10     25    -15 (VIOLATED)
_1199_/X                                 10     16     -6 (VIOLATED)
_1122_/Y                                 10     15     -5 (VIOLATED)
_1317_/X                                 10     15     -5 (VIOLATED)
_1392_/X                                 10     15     -5 (VIOLATED)
_1136_/Y                                 10     13     -3 (VIOLATED)
_1229_/X                                 10     13     -3 (VIOLATED)
_1365_/Y                                 10     12     -2 (VIOLATED)
_1369_/X                                 10     12     -2 (VIOLATED)
_1402_/Y                                 10     12     -2 (VIOLATED)
_1116_/X                                 10     11        (VIOLATED)
_1140_/X                                 10     11        (VIOLATED)
_1254_/X                                 10     11        (VIOLATED)
_1510_/X                                 10     11        (VIOLATED)
_1511_/Y                                 10     11        (VIOLATED)

max capacitance

Pin                                        Limit         Cap       Slack
------------------------------------------------------------------------
_1111_/X                                0.190440    0.579590   -0.389150 (VIOLATED)
_1119_/Y                                0.086070    0.410876   -0.324806 (VIOLATED)
_1881_/Y                                0.086070    0.345869   -0.259800 (VIOLATED)
_1115_/Y                                0.054942    0.247435   -0.192493 (VIOLATED)
_1118_/Y                                0.075999    0.251503   -0.175504 (VIOLATED)
_1886_/X                                0.190440    0.350533   -0.160093 (VIOLATED)
_2237_/Q                                0.200000    0.344667   -0.144667 (VIOLATED)
_1887_/X                                0.184031    0.318714   -0.134683 (VIOLATED)
_1880_/X                                0.197764    0.292982   -0.095218 (VIOLATED)
_1117_/X                                0.080576    0.145445   -0.064869 (VIOLATED)
clk                                     0.200000    0.222126   -0.022126 (VIOLATED)
_1879_/Y                                0.077830    0.094848   -0.017018 (VIOLATED)
_1437_/X                                0.108042    0.116333   -0.008291 (VIOLATED)
_1449_/Y                                0.086070    0.088583   -0.002513 (VIOLATED)



===========================================================================
report_parasitic_annotation -report_unannotated
============================================================================
Found 9 unannotated drivers.
 clk
 des_key_in[0]
 des_key_in[16]
 des_key_in[24]
 des_key_in[32]
 des_key_in[40]
 des_key_in[48]
 des_key_in[56]
 des_key_in[8]
Found 0 partially unannotated drivers.

===========================================================================
max slew violation count 618
Writing metric design__max_slew_violation__count__corner:max_ss_100C_1v60: 618
max fanout violation count 24
Writing metric design__max_fanout_violation__count__corner:max_ss_100C_1v60: 24
max cap violation count 14
Writing metric design__max_cap_violation__count__corner:max_ss_100C_1v60: 14
============================================================================

===========================================================================
check_setup -verbose -unconstrained_endpoints -multiple_clock -no_clock -no_input_delay -loops -generated_clocks
===========================================================================
